5.9570938184463715
8.748383161903252
5.789401642559903
4.958009868382266
5.6366117770802235
3.4962647632090076
7.232527107801504
2.9403625801321054
2.154315502635781
6.251941830781059
4.038411961517513
2.472986880265806
5.423825735510661
5.007048467083348
4.216112137247511
0.8971456898996668
5.491439981886967
5.068926616327645
4.924331306775693
5.603447144550092
1.7251229374166865
4.991348138897699
5.324962680714781
2.991919954087226
4.169888219835261
4.6714984886294655
1.705745240475525
4.85053608315233
0.6232932408853001
5.673869854238991
5.013552310103711
5.320812338508632
6.197246892109269
4.39891522234319
6.444804960326774
3.507147181885198
6.022885738065234
6.175441769410353
6.512512628610303
3.3613168575781427
5.696623240207578
1.061227017177026
0.9409336631875638
4.548615092550168
5.970379788368218
6.002260211395253
5.673116977166731
4.8499424745037505
5.628339317145006
5.1230560033702846
5.98067361880947
6.02552222985355
5.9642120336428945
1.9958131849298186
6.32789101339886
4.46548897208878
6.0508140935120895
2.4639130867609143
5.292461269519403
5.82445013110853
3.897535026379228
3.3230170380663746
6.165246508499939
5.809682694594852
5.746175681321535
6.039992939144652
5.737328249216729
5.963632244552922
3.947756978411022
3.8243277039931667
1.899344589484834
6.295500329465695
5.153963033706642
4.83378335605703
5.669352801091438
7.451829508329169
10.07556767386958
5.621674502771302
4.65806218234534
6.938250982388957
5.428027386270253
6.665618719764374
5.96802520270382
3.476223781148865
7.492634848093873
2.5081731946824393
4.963163535562651
5.71167613957504
0.9429217269996667
4.1739057497950505
4.654457674192623
5.314987900296156
2.282472646179997
4.937194138774473
1.678246483941051
6.887663365844288
6.901442445975734
6.1453304430233615
6.377696279324573
5.232309665746137
5.030116368596977
1.6692911570677746
5.389120061755566
6.838594701585275
3.830562343819417
5.8319266462689985
6.986771548843739
0.7801733975869607
5.796353565766474
2.89564789683412
6.478221585793802
4.604949888709673
3.0070366937539617
6.239588302090089
5.035990704630395
2.35217401768124
3.6502238175596324
2.081198633261514
2.118788205036511
3.450007038471193
4.101260181890806
6.158798965765757
3.814116029764057
6.800114942446104
4.317572318331435
3.2126411418165675
4.2895754861146695
4.3686117792490275
2.1368567028294954
5.010391652018262
3.445769591783595
5.9391138897856965
1.2562668010152813
3.941957411469967
5.025468434498111
4.706716973212264
6.011068740101551
6.047811656187908
5.437312257383547
2.209437589639288
6.234863214255871
5.794485911354445
4.974079530602336
5.673904703968927
6.448136342717378
5.631157691989816
5.309273621084875
4.549593006752023
5.234841095961365
4.586706127705225
4.844906841004111
4.645121812810555
6.620437808079294
5.129774407890251
5.621480249052124
5.527839909939274
4.596997124105118
7.329255360775902
6.99188976977457
4.4484435764326635
3.939337339234706
5.627414554051253
6.666534319717577
5.600999126417985
7.12719281605838
6.333560528178412
5.415345310707772
0.8905730580093834
1.0744062983615976
5.1664673804455346
6.0471565403389755
5.688856996930651
5.230892895024214
5.452586158916973
4.434583782654105
0.7905080502121287
7.428203139171827
6.352309236935104
6.302436654479727
4.54479424261899
6.206383363075869
4.588405610028515
8.078514754047562
6.237048632970987
6.567548930698946
6.186667990922679
6.361753699868633
5.0250046891267255
1.7206268861575382
5.673387435847258
6.482906229253625
5.3166879515943535
6.056586687912269
4.699002363695827
2.2773364467263724
5.412827747958941
2.38770802520031
2.2253936524759674
1.3837216715302723
4.53708890534051
3.9765102728584427
5.8184053161902405
5.327267945368952
5.814780629124266
5.783285836973834
1.5616646346422218
5.691481371509854
7.111069664328844
5.491665175529938
5.595450777260628
5.487845885768398
5.578846055696255
5.9807933699596205
2.148319482436228
5.030644020229341
5.8774567838551794
5.314542647385016
6.066061990910332
4.600034584294224
3.384386904621415
2.9673726078534535
3.213897437876676
4.3500174661402005
3.6793770584408954
6.711677997262828
6.068404698243798
5.066371618402667
5.4934049187784835
6.620705774559332
4.817016173657093
5.255731179710927
5.727804261905096
3.329921263568553
3.9703447065656485
4.339770347712218
4.824117563442047
5.42897999754975
5.036190288161885
5.307596102383633
7.54448615237355
4.887539849770218
5.927843775974144
2.617622019381328
4.606527560363135
1.7922246528091617
5.465590106459974
5.843632196234582
5.447854025359012
3.4760895308638835
5.350853302562993
5.068610505892817
6.407391147867438
6.019441273943963
4.707424110988349
7.176042235855835
5.652302772521368
4.317402918079791
3.633239067338713
3.383047075167038
4.945841152644419
5.163022103765339
5.541706011306583
5.546936151057747
2.6084592623551686
5.481516250368204
5.617908158226927
3.419229994929802
5.774791675513116
5.429456987199883
5.392142224956046
6.339495925211259
1.2049332030596926
5.961130401106987
5.413011982137202
4.888086691812191
6.606013007519672
6.4796427679152355
5.6984064047514975
6.593746335677535
6.048279072667616
7.254034952852669
6.877004674130303
8.303641957283652
3.7693494472275626
6.213096136983273
6.351577327231563
4.087614157674786
3.448133306975489
4.886958740981345
5.324088560988742
4.187013684730584
5.099958913234392
5.390883924806401
6.070905155142788
5.899972562980648
6.216789108315133
1.8240451874725603
1.6410977234336777
6.113238742666943
6.179126155050406
7.863011395607043
6.800142627790442
5.173437213856449
5.827774666051492
6.730072950954649
0.9293925350996668
3.148380145928912
5.371750705456664
7.130571430705157
6.111939693552611
5.732535832789704
5.424283360924483
4.064849985149745
8.466798893469063
4.892845001724076
4.376351316998783
2.52321105304126
3.7330828083950434
7.399399489205104
5.399295797563719
5.439148980608021
2.8550102678019766
3.8416597341014698
3.988177400381306
5.450257830263906
5.658102024066522
3.851637864049568
5.973498171733998
3.6401939121791242
4.830089052215723
5.176844348967937
5.171553203779448
6.475132063529785
5.123519752464766
4.121155575559744
4.782803411026861
-9.999500033329732e-05
8.372935060773923
5.104401215145658
5.977679855687589
5.67535091825993
8.895384552896255
5.600939555251508
5.222335352931882
7.298220502496953
4.235999450355152
4.653484762217398
5.071815704325085
6.690781715757458
6.363488703280973
7.207232141431184
5.558096260651369
4.788238084887254
5.314550774660816
5.005826260711061
4.655121146496987
5.07641247292217
5.254713417958037
6.407577304726367
8.12467434351828
4.76334927183745
5.007349039917889
6.382711238497385
5.750832373189058
5.708568384238636
5.519421549795632
5.683639840757054
1.9168390914700129
5.101404534564135
5.974995519959433
7.430592954269148
1.9394037750092508
5.489383170671493
4.346112672801259
4.967017784384199
1.6838076022564508
5.053858104363419
4.649749971648986
5.362916018099023
6.570855418422964
0.4349830935782245
5.631455955644344
7.079178498540024
6.486256859460949
4.493657009465972
3.875707657321115
5.649704557422383
5.4689198101649605
5.780371617431099
5.474864311115073
4.057739022000735
7.944822378610173
4.16094758225173
2.368134709100515
7.444014190108781
3.869009240193112
3.904684416875847
5.12585272710876
5.726882971851714
2.108503397667626
4.375240241669568
4.681999918817263
5.390447736673947
3.4746544841435907
5.659520171204236
6.580511392618649
7.982312707426999
3.8865140339542603
6.013161911064587
2.2338190186902978
6.137439862548672
5.0387166628753945
6.243424059353673
1.697490395170168
4.8403106979141
2.4463372997256054
5.097117822714477
2.778806685447628
5.81580789209119
5.89754047928599
5.1265926589833555
6.86785181222738
5.511735897418652
5.926169506025566
5.3194119287968995
3.21909082962569
2.844726467261661
4.545639563546328
4.745620951037126
4.715870587989738
6.151534280879204
6.990547641019821
7.270820451213944
2.115368310724507
1.8516149537906064
5.970587392906065
5.923486433315977
6.1870432167001965
4.564729985942072
4.0656546977860355
5.736385116996509
4.81091978328693
5.639672413646439
6.368854242556022
6.347194813017075
1.1908353956656708
4.121263718757785
5.228018009644461
3.3058872874032885
5.179749127771464
5.623609678844402
6.956815987105168
6.546240441291408
4.83696724967316
7.058633044383363
5.16926208230469
3.6277188502203845
4.983375408894079
4.858862885300608
4.690745999972325
0.8634162181996667
6.2624782919943724
6.081384724668111
5.89445028160932
4.253465844149371
2.6073854388462574
4.562109131394769
4.367532840350163
4.083282786876018
7.451894148888761
2.7939056311106034
3.99396712793736
6.235959721102521
3.5808634457598436
5.452124456520989
2.7598559566617302
6.092091140779699
1.3473539295495152
4.817848862735596
3.5910128632600324
1.8487495141591928
4.695648041003486
6.368382237670231
4.635810922834856
2.846586916558297
4.030920058559138
6.20777710735762
0.8984417162996666
5.157826821792142
7.341302007925153
4.089373777269362
6.046756258660007
2.515764726294918
5.417188800861018
6.043065147222932
5.091447151427067
4.101831804776229
4.066175343256779
4.856063828869347
4.140499827757828
4.061226337586953
5.2748143303465564
3.5954504349088174
1.4632023198569144
2.786029810593663
6.549786665394945
5.369956629857202
4.1461906872871115
4.650574800794393
6.219120339814378
4.501653923820748
4.731438758081061
2.237648991214633
4.384594193847342
5.048416853084858
3.523331160955202
2.4734941239878387
5.394313135975228
5.301307983101873
4.916763330392705
6.3849472555536195
5.359280743423282
1.968483521534246
5.39561172551454
5.648064443512396
4.802921306290794
4.079326270452342
6.458922042467345
3.821012524591753
2.876259540374177
4.254621125115869
1.0039229720139746
5.855250660634054
6.553318999183128
8.151687515418939
6.170917051460946
4.622607130271509
7.327911319597413
3.4569590595802575
4.163822289661276
6.508004049111739
4.7225704866191345
2.9586048675324017
5.598198953752704
6.688984246272899
4.491886640394688
6.1692500870035945
6.404602510317898
1.040878857565613
1.6023179406154022
4.656605163780682
5.520286654079905
5.342036809419568
6.3836415938853674
5.059923704032505
4.449762569048178
2.89033389535296
6.275533211453899
8.567288674961185
5.982061328269539
4.419454811381008
8.160416862135493
5.706748502000369
7.355085602920481
5.197069637318387
5.012445976743118
5.622191902382775
5.435390603595653
4.60479650927773
3.7364071960579466
5.975871745820579
6.160269772929574
1.7327067892025374
6.225926755932435
5.946410919913816
3.940238765344924
6.2499253028817705
4.063767628926757
5.973176442540119
6.930228157540267
4.898930248992421
4.2449837358102736
7.492648184981833
5.745523526067387
6.040938343581927
5.696897450914596
2.7856344616068878
5.313487131212355
5.171594944086809
4.174853890780778
5.469672435543053
6.061980055217948
6.117762027339324
4.07096629456571
7.314518421946509
6.627459845567391
4.842719499116981
5.308113144501119
3.3416700717899683
5.436431408746831
6.5656647196004965
6.859359492664666
6.358109267802097
4.37784129583641
5.26258321465388
1.3974185153302137
1.7034875578458284
4.572579577546967
6.140200371675524
5.776107655134443
4.786927092837136
5.762444912273367
2.548366787086491
5.357512943770017
5.107074476109364
1.849097980790165
5.282444252627995
4.651098299679126
5.145584328955026
5.626229348281581
6.141196971615945
5.399928280496479
6.881534819915597
6.315224073879927
3.1017306196622387
5.2890275759817955
3.3546891021552216
7.325552280396941
5.064451589734334
3.679180072369624
6.62288827475738
5.242610934337364
4.846706247917991
3.731339728632321
5.477525651189076
5.2159096245291305
5.299206734088385
6.398014308754584
6.788596380481493
5.7850395336809735
3.8116023599631546
4.717237891863937
4.44361303334944
4.765635557832409
5.39436736809299
4.931498290972365
5.52440520060104
1.6152730558181383
6.487072003543107
1.8811440720917831
5.360268307512534
5.096910831716139
6.542955772763082
6.0484969149752095
2.61232446435817
6.740590566014054
1.8825644853313035
5.735124922392046
4.627051317704776
4.8382155188794735
4.493486655282753
2.6257747121594988
2.106414364420295
6.115695860687826
6.1261131308361785
5.644780116365968
5.866984785370444
5.717147855444625
6.766083094404002
4.642167874544715
1.4533246360457226
4.22163854127571
4.8019841420867015
6.123975066800825
4.587019581866269
6.275606231927107
6.3988137459065975
6.779164997784757
5.2732952650191125
6.604210737354513
4.272359834075271
6.1130185593565205
0.46830584090434957
5.62199129067615
5.545674090539802
5.4210958376667415
7.240757336895138
4.718521517191872
5.254293502591019
5.659473202419242
7.214415986872651
5.301802095569648
4.641743407382198
4.8645977972777255
5.495069697990685
4.9008000379985965
3.107391018148471
4.889082892524174
5.939987182218349
5.144097684701473
4.3783395063378965
6.916042342620513
6.534710547617238
5.384392138579967
5.629682035647626
5.478971998233935
6.966209750047724
5.11199660955945
6.853797880089487
6.651058066579159
4.551364716656076
5.543055028391168
5.608980675278207
4.484214295828972
5.813118628155542
5.469649934158516
5.338327584205739
6.572627292603429
0.8356981770996668
5.459991794149705
7.54086486649161
6.066870285234291
6.549568413572907
5.052007864999625
5.646399445547482
6.630261455908114
6.3394037225418005
4.779995152292399
3.341678773089626
1.3979327392256167
4.908835261652748
5.245907262085083
0.42956897275837186
6.279370305492096
5.784741054099829
4.719663355443659
4.804714524206572
7.370849908825327
5.624653187287221
3.7841792583991087
4.882079800001638
3.7522368247644655
1.9680576960619562
5.629585124216767
6.927577001201666
6.1544661217124155
2.692127940789728
6.313716721454732
0.9325252354996668
4.266636627713502
4.111829896788299
3.9308716051004935
5.348581466419924
5.768591791815705
5.386629919566362
5.161718707822407
6.567852840644495
3.9491666867861497
4.0129367670123575
4.143183827466971
6.3914573269139145
5.0277572906527155
5.5145848192560365
5.491999577408783
6.360242469504108
3.9188277474045705
5.140612080829605
5.752673441924941
5.151722072616892
5.265022630142009
5.413746226526791
2.6055378698110854
2.6047574062714416
5.002275977557058
6.114175217405015
6.046809113881225
5.796751519275945
7.008672735916168
5.1675127633620175
5.497704562692395
3.319925537071602
6.121559600657255
3.6212614576813578
6.133985746955966
4.916013689967632
3.8489296630585397
4.502670354688811
0.8995786654996668
4.128716168425069
1.6427881997323959
1.5067464305182616
5.620106794922279
6.346467619735913
6.067703304698614
4.468814609156464
6.226111877801679
4.694757325449714
3.046348464132604
5.820922795922734
5.506307192233262
1.3547365526339725
5.2402662285717
6.06073956436604
6.472575433789323
0.9239725141996668
5.079927142942468
6.0387494570915585
6.294013312956084
7.3538861764060846
5.387077985401313
1.757570149641531
4.859235877439261
7.06636345014233
6.977901559699957
5.026848045894129
5.511242794736562
4.624203990882467
5.877346547538713
3.9425981644803385
1.4760144865127727
6.017061407620719
3.723006417014223
6.154639866099862
5.607006025866092
5.7583892128773355
5.364984570711227
6.09623943105514
7.670427038608321
5.658445462587887
6.497594729067992
5.391101253040209
3.949425953637642
1.8531551524984837
1.7048184750152349
5.240247966394654
5.6696166356874835
4.804048122081845
6.11314531927965
7.373137526289332
5.892912865496833
5.798444744169736
6.586666053815177
5.848969854027473
6.8282261116370355
4.481615345954274
4.147862447071927
5.092732326826291
4.316427350844039
4.930144690727588
5.756060624914651
6.336670028378746
5.620136624352852
5.552290852510563
6.318045311913319
5.929061358045086
3.8987264709483367
5.18495075476876
6.675379415320441
3.962137865494883
4.506833731567376
5.392263971924059
6.388455325560808
6.459083954630534
5.371256911056202
5.089669829635497
6.305417433122335
3.4082037695749006
5.473295373489054
5.0988668920345726
5.771463596755546
4.980092073582053
1.2797880592946083
3.444506775634534
4.699873971520031
7.129692071972155
0.3798772750789185
6.646038556638512
6.605104416916559
5.895626475026942
4.445133270941399
4.743268461667659
5.4244297277550375
5.977964202518586
5.720814781467861
4.364341550498123
4.308497739581494
6.021988780352485
4.571093969997712
2.662849076900232
5.945535430594178
6.231467399008806
3.1637898640969873
4.503469942220865
3.8346650840631344
5.6533820741848055
6.852757737741083
3.346560566799009
4.847165718103581
5.465630069722815
4.7005091769950855
4.939825396472756
5.480119215788733
5.287317134163128
5.72751234838339
3.4349178279108283
5.801424185325381
5.190116435013495
9.512492293873432
5.285693955446624
5.581287370661202
5.917244568884317
3.7859010804878133
4.8051818937869175
2.512394287671917
6.979153431497849
7.918623822337218
5.926851498872624
4.401670489199125
3.7397001065300923
5.913781198357806
3.0984996233482525
6.2153900427823485
6.211274548041062
5.6603557070223065
5.600325574314853
5.25779909861926
3.6678839969536243
5.231912913414887
6.997947912333397
5.949659642777879
7.125465704894484
5.355967194026079
5.954051806968766
6.03200983069173
5.889831523154578
9.297691351448712
7.773016252829241
6.314716693479304
2.6842348803592015
5.906700171852551
5.887054098060015
5.4822824015258345
5.415197855291992
6.030454780183269
4.472380874262503
4.141984869508193
5.918166396976129
5.329505703288042
6.6443304524940325
5.475653514227787
4.56054967226523
4.904105176094991
1.1125851779289455
4.627368950174373
5.356651776141187
1.4765255375237336
4.482004078429579
5.056190132417791
5.514621480149923
4.661832201042541
2.7590185461862418
5.51727516347135
5.123533744742532
4.507317672472752
4.765734780340822
5.586280327498691
6.725355635237047
4.801398481401915
4.3515208852002685
3.7217288142959073
6.127301917574727
5.142013645209879
5.082493715894433
3.0347593076882644
5.741229369675481
5.6461477649328025
4.642918338251548
5.309851692921337
1.9034061480692412
5.990768307181069
7.067089529571666
3.833747028001406
1.927854262696408
5.939525756035509
6.816700398772956
7.193143573222401
3.3589486129883923
5.256031377794573
5.558048239451152
3.7985665488199576
5.425226514359061
6.9802784897012
4.212469266640609
4.324745344650187
3.721843079573064
4.003071859889885
5.992402037614915
4.019814465104231
7.627827730315027
3.4392554575395953
5.516306574591752
5.061469182488989
0.7464891227996667
1.8506382776721577
3.563827117298704
5.978695817847939
5.985521633191817
7.705314603268986
6.753819929636101
2.6300235948728234
4.372343077601313
6.271126151807256
6.0243558690433545
6.428568242225457
4.724696036501901
5.850637435183904
3.3985937770840042
5.2094175420774835
5.837446463385296
6.663895505460412
6.138692930534437
5.646055596989101
1.9595706689395915
5.045800543833132
4.685830743484359
6.526901638040695
5.532343014431796
4.961749086681981
5.5072057990910785
4.178371990836365
4.995835439689617
6.444486676723383
2.743799343540277
7.1720679756840084
5.117880070743963
5.8626647135250565
4.094176071141898
5.983740001148255
6.438946226567857
6.20940584415258
6.077852948899663
1.78060597678569
4.8927786852939406
7.626238853782102
5.291524540673827
4.95182146353362
3.2491845503214467
4.21547868117062
1.3073636935646018
6.825230100206726
5.748508515510479
5.218066356263304
6.261759347159857
4.191498497702696
0.5519906757996667
6.610372168880796
5.397077728812932
6.219626567299711
3.327395079370706
6.6050930430622525
4.4339455141258295
5.690013295180978
5.524166761858216
4.594984297481203
4.741309922858494
5.929742503957266
3.932826216702191
5.209083158678478
4.2207590084391455
4.914392938539145
6.732316156788921
2.6098469551376926
5.500207295887695
5.386766996454989
4.471680348667931
5.698109623156068
6.444595929726231
0.44993816637620454
5.224354469034452
1.445034098762216
1.5000775162746722
5.572302254924213
6.416372153606526
5.936245058836592
5.819212462864354
4.643421910690062
3.8447942877839267
3.856381669756461
5.442283436696927
5.1155077235542
5.156932121958247
6.057135784701306
7.0820329432796765
4.732669593270238
5.1825775576585205
5.363632602048455
4.2624359821860835
6.759656299287787
3.9695274952042876
7.434778184999416
4.883273914035781
4.902412101391223
6.596454708744247
6.737816773611849
5.3515485928504924
4.5284788841979315
6.110789578328681
1.4800128159907442
6.819526837130674
4.53220975556702
1.8411991072901517
4.788954319706426
5.03369656315779
6.050447172563589
5.202118228166315
3.844442863414688
5.264809184316729
0.8016318023996667
5.949241894772644
5.215972171641072
5.237174642230674
2.6503399165433668
5.8182579836021215
6.40800830800216
4.937692798093643
4.674471910048778
6.25191016200935
4.337222201103884
5.2443206160948055
0.7231145603519307
3.1253707810692455
6.018514012650073
6.498286712086842
4.672119082815206
4.997456167728125
5.448639366451382
6.722114801557626
5.165110259023244
6.406775246489746
5.707555036662603
6.754226640010755
6.185927193069865
4.725854271627524
4.084019404001726
2.3230623380007236
2.7886397246397947
5.4515240022916
5.225873712346266
3.316326614493816
4.933745912816331
5.392021256966184
3.6373497670093458
5.896467893187716
4.2342148545002445
5.333344454229377
5.417388527881112
5.428208079297457
3.0421208297538636
5.486445093291847
4.5068095155039165
1.7571070566190126
3.9170371628792715
6.903070788261973
5.4887596982031805
5.2507514243850455
6.698219719344543
5.650625873697303
5.090933918831867
6.394703936404302
5.550579491670456
0.7222247656050597
2.9058726298798105
5.833261911097018
5.316599633425533
5.910844552054114
1.9352468000837528
3.93617295718761
5.50483609916143
5.0471848897304055
2.679785839734483
5.574004435822115
3.7654015127849676
3.336707535037327
5.118465686286363
4.201208504125681
8.411583633120323
7.447713810089115
5.201811803862238
1.832345061693478
3.882802945019158
6.107736853870762
5.110615071395343
5.384710707942834
6.763311593091162
5.375072189908512
5.6390126633186295
6.387747737338406
6.615336723854829
1.462721197680322
4.705625613245682
5.647251703561686
5.272902157142419
5.131345772610214
3.661975559430431
4.4057965217732455
5.836776158030318
6.448706592856031
5.595480504191341
4.566047964223389
4.894264602099023
4.770233115687967
2.701740000511364
4.049001635812266
2.6448352773851544
5.7933795168239515
5.757920435407449
5.091825729689857
7.073750700391372
5.348084496003847
4.367840536270444
5.161925081706039
3.786426119290299
4.411491200689684
4.744315312955099
2.5382796748748793
6.241096822704408
9.683577759779983
4.6783747320229505
3.283926761765912
4.25232878107947
6.134231915347002
4.181771024038428
3.752291359774453
5.368537342119341
5.102241258948687
3.3131321670794738
4.143459957160311
4.744191710530198
4.580038716374403
6.819071079578466
6.046994663882778
5.655783058464761
2.7506882718160117
4.645054150908206
4.577644845756418
5.899648804115466
5.47026407183819
5.458714502268612
5.097793409456954
0.8633163164996667
5.652076921793855
2.1044420478045573
6.578416074194785
4.845539012186498
4.4349680198910235
7.065932514230763
5.694993186237169
10.07474487545628
3.899704419719459
0.9231070962996667
3.7319355306714073
6.169897742985028
6.687137194777116
8.14325015043071
3.504473986504539
4.583401247631442
0.865107963931927
4.736480132309684
6.626336117532036
1.606825125237278
5.7736632901588285
6.65832803667798
3.3994294683422566
5.764893529060682
3.4966003284793725
0.8483596652996668
2.6218193059092747
5.155344829350007
4.505632527305146
3.8962627635540703
4.598514434722968
5.57674724235309
5.137563756492142
5.582032534114751
2.854676333971844
5.048033947861089
5.660451190124452
4.422886480743831
4.080302389828162
4.892020321326596
5.6070446246399746
2.8686205752675953
4.536085791453006
2.340784361463654
2.907498678177642
6.307335946735346
5.64052800108622
6.266361835799308
6.755249885540515
5.534277870173996
8.403754210852695
3.1585705187334745
4.9769757456910035
5.497534735733948
1.855684309266397
6.583523906279503
4.512927503651605
6.488069360848242
5.587447627971406
6.082244925823096
5.812396179915124
2.08884270243451
6.799926230958941
4.1598196613319285
4.4240787087652365
5.022046336503287
6.626538467297117
5.213985358647847
6.519300601365963
6.456251679589499
5.5455174382494565
7.050424577107944
9.18345573100229
5.290135178680836
6.44838849213017
4.590315678212069
6.375694635876721
5.698502510652368
6.750158921451367
6.24006339932355
6.288796340194993
6.321688073111792
5.842563214398146
6.442789157952006
5.972680456148136
8.1919092358288
3.547665743455806
5.109468218741547
5.534604358657084
5.459570513956662
7.6341065031904956
7.1167277492389776
1.8237384572586421
6.080420224961123
5.816309477928593
2.6365547499611877
6.188920854300336
5.330126054763557
2.7072666058931425
4.714729689550011
5.411536848028666
5.263706600546929
6.881346739763006
6.384456956687368
6.0164580482546
4.845897334255836
4.562739934686343
4.465431477967226
5.980811701096186
3.636382373975188
5.62997895544175
5.97665110152885
5.403018314657257
3.956163526735022
5.03396364935319
5.054969367658622
5.613630073626547
4.9466594213132415
4.557686231682303
6.2996566693402345
4.029438343545349
6.3272642520893045
4.428750159853532
3.3321808351754587
6.162796309849403
6.074663355364792
7.454356553742672
5.664279954675064
5.615531324467025
5.828272797529297
6.58011569322017
4.824353688740519
5.648790597773999
5.140378103664653
5.128053068226361
3.6829037239671627
4.700139293494186
3.9537210641229574
4.173427376191041
6.581806617158439
5.642805799726984
3.2215221174728783
4.747245663457916
4.962273042468338
4.460320136966221
4.890577870530411
6.10994698699049
5.771162139703511
6.119699126986606
4.471496516110457
6.022019370929388
6.3001954821074495
3.677905924926568
5.860723979415067
5.83346905650894
6.167412164362543
7.6894732587440675
5.20560833862613
3.676633034698411
4.694104869091197
5.051040461907085
8.271761442569433
1.8867932748763547
5.5110872798584705
4.491515943859033
3.893012181542299
5.343697317370521
5.256968774864542
6.284749639306998
5.542886554384797
1.2234525905100704
6.475292579066827
5.479623682713206
8.585884883734053
2.2633388684881557
4.604895214949588
5.795164425185032
0.7275788416153306
2.555604641480793
5.743350606435602
1.826182813984629
6.053018345241094
3.58170183790374
5.650911748885283
6.365815709245467
6.211245797665777
7.308077025784305
5.125890079206154
6.221549829650754
6.645277427119784
5.351879381800811
4.503191441544624
3.856399955305324
5.24409772202902
4.675168610481194
6.5975573330211725
5.415295581984116
4.729619780505391
4.889576809863417
6.7181485897765985
1.8613086449949714
1.1925893338299598
5.440972499867355
4.909420051248501
5.51005594378305
4.836538066945149
3.8504011859198166
3.699548357134089
4.951368682758788
5.472889057314154
7.266227444578879
0.7328611377220549
4.146475528400534
5.200257286315669
6.410160034569689
5.6957617732404
5.640525998251288
2.810223494442825
3.618624914569885
4.180564141335451
5.462390054882166
5.1880975003290315
5.005394897528297
5.2182395629765175
6.960121689795317
5.424800352738729
5.418425051270422
7.009392873540986
5.423312533018277
3.953286634334437
6.431484813399582
7.832789985522964
1.8358255206404572
2.3280976825111295
8.468486037518694
5.334730675165726
5.3952248138251475
5.832215779507986
4.887678930376007
6.477498598627424
6.430225697146412
5.338595100454905
5.131445349986916
7.005977430114164
3.3992721794442766
5.41424923457298
5.7990270191560995
6.277881795968433
6.576587188574765
2.9541617428088904
5.926684468618955
7.214291602499343
5.21452664272008
5.13965805571517
3.365639176028402
2.9404898977431078
4.345962489340026
4.862034089662811
5.633295381668899
5.07989820472909
4.593144537819161
4.577766016894552
6.657476333295001
6.482580563590295
3.0835982738846823
5.652922647146845
3.2809697424946918
6.179209483525528
2.158480025593402
3.988724057324406
5.948631177785552
7.345126997869469
4.277442699196403
6.272950882704944
3.8215621144262815
7.7821625800189285
5.142553377558758
6.385626049561427
5.4156888075914615
5.395790191943594
4.656581859855257
4.185187845340818
3.4490269340518567
5.3606766294884896
7.270555387053061
4.576551521654236
2.6166652108672204
4.255941205862141
3.825429012361751
4.400203378054078
5.241648695984454
6.134065286423815
5.286354651346665
4.080592647005254
4.43753271967894
4.921322319155779
3.9158927740113483
5.211092635992973
6.387952231761742
5.988134826551715
4.301414397013128
7.432648134691618
3.785856749142941
7.888495689961512
6.540677166171698
4.028152159188988
4.798367575742139
5.764822397144174
4.735355515038015
6.966456112393076
4.932430954800796
0.6171707538123263
7.268649630108262
4.471247558165313
1.6881247152206091
4.572522234841315
5.221267623790458
4.979712402587692
5.300564908075467
4.686441240300656
3.66643195033435
0.7748279272996667
5.438469788554504
4.523321216372697
1.2230442658592309
4.953738045535759
6.545347925343925
6.714602717361015
6.4956176252361315
6.246238724739802
9.908977250976182
4.796893170434144
5.566514756437627
7.439548775227701
5.219549583183685
5.616525046891308
4.821576757423959
7.652558403195091
5.428878646555695
2.3457417737954183
5.014198240495052
5.35602614357473
4.765801881785135
4.541129895509305
7.805272335205748
2.8488053549486274
4.493150719834595
3.5195343332206175
5.081940658764268
2.581123172757645
3.432390955738324
4.959625500306343
7.324290310087953
5.107966488370213
4.723429703645901
4.418338926539686
5.831725572599324
0.7542381775373711
6.648828527536917
4.303608228244169
4.988150440484026
5.272617010389631
5.686088094917675
6.7902481551637015
6.12006192792129
5.894930220245368
6.308494859090011
5.758146051435433
5.286188510989693
5.196315830842957
5.3834686098861635
2.836988373302379
3.7494490329202654
5.142303616001045
4.272179188998998
5.680067537786242
4.612483852205335
6.435617408225919
5.47668982124048
3.746811563696909
5.231067921662554
6.479403225894578
5.985288207184313
3.0523236624144428
3.6785105352373955
5.5105703708957465
5.070842290023508
4.943373147926437
4.935392102117638
5.069652146622923
5.732154448938751
3.6258595986906013
5.659776331608536
6.203451544507045
5.433012322020761
4.688160877649606
5.468729771395464
3.428318453627003
5.091218826759528
5.017902359406908
1.478829929186296
5.488835860467172
5.023941714638578
6.167144350697093
1.460103150033945
6.058173066039501
5.3297185255055295
5.387586479245792
6.520632663317572
6.577630586869257
4.969971567854117
4.529945801968359
5.377766179995938
4.6687817825874784
2.376612909752094
5.587027379149309
7.953460028216489
6.034965590332483
3.609236666520853
4.945463384575839
6.421700156999802
4.229929361071474
5.470092627072415
4.650203128241571
6.013310120742674
4.844843963596843
1.6454430075930706
2.65840594648617
5.955221660816115
6.459930426846047
4.126878637977082
4.043660006688456
5.506073649914839
3.697880559995708
6.313869868004216
5.112419687209426
6.022077957467333
5.190731955335866
4.179298595685918
3.6810254806674374
5.82647901013711
3.16810883091493
4.619177323809317
3.507975335410884
2.5430425952540134
6.300623221473981
6.021204162557172
7.608054005797325
4.802152392120571
6.672642278586796
4.854337097206742
4.83377866890517
4.024295658349281
5.140242293349794
5.509704504848882
8.677990781684663
5.497012817845564
5.103661166941189
2.579540025891628
6.233072878545122
2.062528050946142
5.9351914180331615
5.9596325631242495
3.0399793139078244
6.900904779030407
5.5809029548556754
6.268671056697522
7.2310954965455965
5.532136256059736
3.6950212910396716
4.100704132954643
6.48874572735402
5.817137917745191
5.4415951172204515
6.087741416726382
5.196055823064116
5.892190953960672
4.675312255264232
5.418557997594603
3.6790813506883593
4.477869627757995
5.0204792583670494
5.183904799008898
5.2366657509526435
8.437595993667163
5.264976185944234
4.566991574789724
6.935565959284584
5.141757963282839
6.130475096649454
5.607126245108855
5.540232389172542
6.8780881113501975
5.147299936085757
6.387511133669275
5.054458973073347
3.792300754610779
4.073244667917217
4.8208758782660475
6.435488979631186
5.598585475327222
5.941397461407112
5.91340820725956
6.592854269355828
5.63100576926641
6.7593211243922795
4.909104622728524
6.821788451557226
5.437241205626351
