4838
9561
512
1245
2666
5545
5729
627
8145
9493
759
6771
7721
8168
8238
2306
3112
5455
6056
657
708
1962
4681
6911
8028
8082
240
3202
3984
5467
6316
7679
704
7201
1747
2267
4033
4096
7730
8489
1048
3786
5751
6000
9903
1017
1953
2791
3118
3761
4865
9326
381
2224
4519
4650
8586
9555
1978
2250
2567
7781
7871
182
4273
5268
5489
7816
1759
4382
4431
4806
6126
1603
2481
3899
5955
6807
7371
9084
9138
9535
518
1306
1721
3030
6077
7380
9547
2628
3653
5215
7771
8577
2277
3811
4046
7035
1288
3272
3355
3690
3734
4471
4551
5439
6945
527
3535
4960
5438
5754
9170
175
2319
5203
6586
8476
9340
9678
9982
985
2720
3348
5636
6840
6851
7346
9180
9859
1395
1856
1938
3226
4578
5663
7576
8872
9541
560
1006
1061
3578
6541
7690
7806
7845
998
1756
1849
2843
4071
4446
7336
8671
2148
7325
8793
167
1353
3108
3356
3420
6055
6782
7711
7828
1752
6453
7575
9469
9907
56
213
783
2715
2809
2971
3103
3742
3920
4009
4427
4460
4701
6005
6358
6796
9710
1399
2768
2875
4337
5263
8995
223
1049
1870
4381
4531
5980
6171
6988
7518
7609
7654
8121
8885
2392
2671
6261
499
924
2233
4302
4888
5210
7324
8514
9622
500
4288
4554
7114
7759
8507
8617
150
885
1687
1829
1853
2213
4346
4704
4712
5345
5631
6609
6915
7042
7681
7798
8768
9435
715
4356
4564
6921
8831
9639
467
1646
1700
2010
2329
3818
4019
4350
4876
6041
6170
6437
7206
8069
9165
9501
9560
7432
9319
579
597
1591
1624
2209
3289
3351
3361
3511
3686
4055
4078
4255
4872
4951
4956
5267
6289
6345
7088
7427
8554
9182
9447
9694
5303
8451
9783
9974
343
846
870
1178
1544
1758
1760
3332
3825
5763
5860
6036
7670
8086
8338
9010
9339
9466
9910
9927
3303
3951
6979
8399
902
5626
8668
177
534
895
977
1206
1594
1965
2097
3779
3964
4370
4682
5395
5897
7970
8402
8634
335
4172
7243
109
3349
3406
4760
6277
7591
7890
8824
9417
781
9516
319
1144
2016
2074
3135
3482
4383
4747
5861
5885
6340
6539
6733
6939
6963
7041
7761
8536
8835
8854
9158
9819
9834
9983
1387
2850
3073
3492
4106
4263
5547
9334
1111
2218
3387
3483
3834
8211
9413
1454
1575
2237
2751
535
1452
1851
2398
2882
3369
4144
4195
4949
5200
5737
5881
6799
6839
7381
7695
8908
9227
9308
9551
9687
9886
9897
1608
1692
4004
6033
7482
2607
3058
4606
4784
8323
8853
9769
1666
2617
5360
6926
8973
203
216
1375
1546
1948
2482
2680
4435
5119
5665
5799
5814
6223
7656
8120
8627
9183
9789
9871
9943
9963
2004
5863
7864
9901
272
476
2126
3054
3382
3766
4321
5637
1034
1647
6903
6983
8899
255
325
703
755
917
946
965
1431
1549
1596
1639
1936
2015
2026
2050
2142
2149
2407
2410
2537
2865
3022
3269
3312
4644
4837
5067
5386
5477
5483
5485
5759
6073
6565
6598
6650
6701
6776
6809
7022
7370
7914
8528
8606
8937
8944
8954
9102
9287
9309
9683
9686
9771
9827
9959
9995
2565
5157
5304
9612
2665
5767
7118
7227
8550
194
411
1214
2143
3658
6284
6337
6789
8134
8424
8808
8967
9318
9323
9839
1190
2150
3040
4378
4746
4843
8812
9970
168
4226
4330
6876
6954
269
284
581
624
648
843
856
1157
2071
2088
2446
2894
3403
3583
3796
4363
4439
4522
4523
5293
5448
6252
6288
6585
6886
7036
7164
7200
7437
7577
7972
8012
8239
8361
8475
8940
9062
9119
9406
9976
452
1136
1404
1426
6058
6214
1562
3299
3914
4507
4675
4922
5971
6635
7063
7327
8296
8340
9145
9365
2259
6022
7295
7326
1046
1645
2507
2636
2828
4047
4816
6010
7631
9217
47
75
176
266
311
366
396
628
791
1219
1341
1484
2058
2317
2374
2527
2734
2909
3124
3314
3365
3471
3475
3477
3586
3722
4020
4295
4775
4778
5002
5052
5131
5401
5582
6449
6547
6595
6659
6694
6753
6773
6786
6896
8335
8377
9018
9253
9442
9455
9529
9917
1423
2075
2528
5706
2272
3826
4264
4685
5182
5436
7186
7195
7466
8630
9590
9613
1918
3157
5010
5121
6763
7963
9041
40
204
640
687
1802
2291
4789
7729
7848
128
644
655
1684
6577
2196
3992
136
139
681
747
780
785
805
1005
1026
1166
1293
1389
1489
1522
1879
1994
2619
2724
2819
2910
3164
3168
3185
3611
3867
4012
4297
4351
4583
4786
4809
4901
5773
5878
5902
5960
5968
6009
6187
6280
6512
6525
7161
7553
8058
8154
8244
8308
8496
8565
9075
9990
152
2787
4482
7998
8036
9100
9729
3908
4259
4709
2933
4025
4691
4867
5296
6424
7222
9889
1487
3227
5450
8686
8864
64
2940
3297
4635
5430
5717
7059
7288
7677
7958
8374
8631
521
3606
2024
2683
4934
4961
8833
1059
1252
1662
2013
2859
4175
1719
2529
3071
4886
8184
162
497
572
605
619
1307
1499
1730
2072
2084
2262
2535
2770
2961
3194
3435
3577
3661
3747
4212
4470
4540
4647
4774
5035
5445
5608
5732
5898
5899
6169
6299
6308
6902
7060
7218
7310
7343
7633
7874
7918
8001
8355
8367
8503
8640
8662
8677
9385
9412
9846
9984
65
1683
7861
9139
3028
3864
5202
5810
5859
6465
8122
8226
9496
27
142
328
1932
3316
3439
4492
5017
6088
6492
7563
7814
8531
8746
9017
9832
4620
7616
9975
1175
1192
1202
1256
1691
1706
1976
2145
2168
2302
2659
3548
4218
5586
6004
6107
6964
7569
7665
7787
8334
8871
9013
524
2102
2430
2930
5216
8819
9867
2525
4884
7174
7405
8242
9301
9364
9394
577
1689
2604
5852
5921
7459
7664
7758
9048
9135
2249
3245
8512
672
3767
3885
9007
227
310
477
756
935
1101
1253
1275
1284
1915
1945
2107
2227
2437
2544
2727
2772
3233
3413
3677
3682
3701
3743
3815
3956
4352
4532
4744
4764
5107
5155
5339
5441
5486
5548
5713
5820
5901
6027
6035
6098
6275
6664
6704
7124
8460
8846
8906
8961
9193
9433
9845
7776
130
359
1486
4112
636
2908
5208
5891
6031
6312
6600
7515
9070
1928
3344
3935
3954
4658
4981
5284
5807
5835
7170
7672
7836
7921
8652
8987
9080
424
475
5248
5357
116
752
1132
1515
1652
1674
1917
2257
3052
3229
3311
3624
4449
4818
4965
7281
7641
7813
8158
8165
8558
8722
8998
9058
9709
618
6401
9136
947
1278
3018
3366
9651
503
762
841
2425
2675
2906
5092
5493
6110
6568
7493
8052
929
3807
8214
3601
3852
4357
6309
6367
7197
7269
8233
8358
5780
2692
3591
4919
7253
7457
7762
9278
9609
1237
3705
7020
9969
18
88
289
374
397
422
445
459
525
549
679
736
1338
1350
1368
1512
1542
1557
1586
1630
1934
1981
2043
2416
2478
2647
2705
3077
3216
3434
3709
4145
4158
4177
4455
4971
5080
5084
5094
5104
5264
5290
5447
5494
5563
5687
6024
6237
6263
6441
6533
6662
7056
7142
7383
7488
7590
7714
7728
7867
7888
8212
8348
8749
9378
9438
9531
9647
9670
9951
587
5598
5730
7611
9047
1204
2223
2352
5148
6266
9333
9746
172
786
1199
2466
3003
3666
4783
5022
5574
3726
4361
4392
5133
5669
5811
362
1675
2701
2716
9224
601
1323
2181
2927
3621
4326
4989
5071
5423
6137
6262
6627
6838
7255
7986
8304
8754
9352
1347
3735
4339
4399
7531
8202
8483
9276
9243
9788
23
692
919
1103
1129
1254
1270
1383
1429
1558
1615
1755
2035
2136
2152
2200
2505
2545
2803
3287
3916
4450
4573
4674
5036
5329
5369
5429
5604
5699
6059
6250
6390
6769
7489
7700
8321
8510
8691
3391
3893
2810
2937
3047
5692
6410
6655
6847
9999
1531
3440
8266
585
921
938
1274
1872
3703
4072
4549
4703
4822
5551
6045
6856
8737
8972
1107
2846
3915
4831
741
1920
2144
2923
5722
5964
5966
6285
6478
6744
7025
7231
7688
7858
8384
8537
9780
9813
9864
1699
2913
3556
4420
4967
6913
5884
934
2568
7106
1315
1467
7280
105
113
320
347
363
707
754
893
918
999
1118
1225
1279
1371
1629
1862
1904
1969
2034
2040
2089
2280
2570
2632
2729
2767
2921
2966
3177
3179
3286
3474
3630
3997
4087
4535
4603
4609
4618
4945
5090
5102
5207
5273
5340
5385
5513
5525
5535
5615
5647
5723
6039
6251
6290
6329
6343
6481
6676
6863
6894
6980
7116
7250
7251
7299
7315
7386
7538
7638
7685
7812
7911
7961
8174
8331
8375
8382
8412
8516
8532
8605
8907
9060
9091
9271
9430
9568
9601
9680
437
2561
2903
4880
1259
1798
3175
6451
7120
144
146
2073
4563
6611
14
561
571
2730
2733
6363
8312
8700
8806
9020
2558
5156
8473
1640
2764
3326
4247
4622
6488
6960
7009
7411
8884
9151
614
2338
2548
5076
5235
5734
6230
6904
8443
1579
3592
4757
5371
5377
6387
6632
6792
7919
8860
9717
6770
8526
4060
5642
7943
1271
1281
1727
2422
2668
4234
6485
8327
9977
259
2253
7376
8745
373
611
772
1555
1966
2419
2621
2811
3023
3201
3467
3552
4154
4246
4668
4725
5096
5188
5239
5540
5600
5703
5744
6253
6354
6504
6536
6765
6901
7229
7306
7807
8595
8641
8717
8747
404
5778
5913
9666
1835
4963
6656
7445
462
7933
358
2504
2877
4390
6019
8101
9049
9390
9494
698
1318
1605
1723
2346
2492
4045
5317
5905
6269
6889
7040
7321
7617
7990
8596
8676
9175
9586
3042
3573
5350
8135
138
407
457
543
1112
1483
1545
1805
1895
2563
4016
4316
4550
5570
5705
5808
6286
7028
8758
9880
398
2888
3093
4213
6793
8053
8549
1816
5422
5470
6444
7021
7417
7536
9840
327
576
2949
3333
5294
2911
5004
6133
7785
8848
1794
5847
7620
2522
2974
568
2240
4184
4419
5606
5874
6274
8403
9163
44
99
164
260
406
425
583
609
621
682
720
740
743
769
795
828
835
920
939
986
1027
1186
1261
1324
1428
1439
1474
1495
1496
1551
1576
1653
1740
1855
1908
1927
1956
2030
2044
2096
2100
2118
2156
2195
2207
2236
2342
2406
2433
2536
2571
2660
2762
2816
3020
3137
3165
3313
3341
3368
3466
3531
3617
3619
3854
3936
3950
3999
4059
4088
4121
4152
4194
4308
4317
4377
4385
4416
4434
4508
4593
4625
4672
4680
4723
4730
4794
4802
4842
4864
4896
4931
5193
5228
5242
5256
5257
5621
5694
5793
5823
6013
6066
6199
6287
6292
6324
6370
6403
6615
6637
6682
6731
6768
6865
6868
6875
6976
7026
7051
7074
7093
7158
7232
7463
7498
7507
7525
7586
7674
7842
7939
7940
7971
8020
8054
8229
8274
8329
8415
8529
8609
8624
8710
8738
8771
8776
8858
9066
9258
9426
9620
9722
9742
9801
9818
9946
71
482
2742
5321
6208
3041
3429
2279
2450
3495
5425
5939
6106
6592
8306
8598
1787
2330
2375
2651
3710
416
794
1520
3674
4136
4340
4950
5140
5572
6808
7396
9114
9272
9931
329
458
542
1742
2147
2160
2376
2710
2739
3101
3888
4728
5281
6732
8142
9131
9576
6734
9924
1033
1577
2630
3291
3325
3678
4313
4459
5805
6294
7256
7394
8093
8198
8821
9566
573
1941
4448
6297
7175
1180
1472
4200
4990
5223
5537
7740
2588
2990
4861
7718
7917
813
839
1392
1519
1578
2786
2812
3323
3714
4572
5270
5523
5556
5742
5868
5910
6190
6317
7131
7270
7719
8655
8657
8986
9392
9473
9749
9756
4885
5488
6127
5177
5942
7568
256
454
2552
2737
2834
3519
3926
5196
5688
6025
6493
6697
6919
7558
9691
650
1057
1234
4640
4834
6751
6973
7422
9844
1778
2366
5498
5985
6357
6879
7194
7692
8484
339
495
670
865
922
1004
1354
1408
1503
1899
2307
2441
2484
2861
2928
3154
3211
3350
3895
4117
4124
4167
4465
5049
5409
5453
5927
6236
6373
6489
6546
6584
6634
6930
7185
7268
7485
8050
8137
8295
8780
9164
9209
9270
9300
9499
9582
9842
9861
1626
4601
6524
6607
8583
975
2889
3755
4131
6874
564
709
788
6614
6857
2110
2230
2564
3389
3749
3927
4679
6677
6772
8454
9503
1053
4332
5609
5684
6260
8592
121
2121
2629
3337
4513
4916
7260
1224
1409
1803
2184
2316
2682
2790
3334
3480
3539
3840
4643
5459
5510
5613
5918
6111
6545
6767
6822
6994
7148
7278
7314
7663
7938
8556
8857
8946
9190
9228
9375
9956
532
809
1185
3129
3204
5471
9218
1184
2390
5644
7521
1385
2813
3491
4137
5796
6509
6562
7880
8639
2
86
161
412
490
613
1097
1161
2673
2773
4371
4697
4791
5466
6411
6854
7292
7364
7511
8678
9226
9652
9902
2532
2879
3149
4066
6810
766
858
1390
2554
2695
3459
4153
4348
4714
8018
4197
6247
6405
6951
7773
661
1655
1726
2383
2435
3315
3987
4026
4032
4473
5225
5530
5996
6416
6797
7710
8439
9611
3288
4243
6642
7189
7226
7928
8407
76
3089
590
1276
4284
6377
8151
8763
6423
7580
3443
5834
9754
6467
8294
37
189
252
315
382
410
419
438
485
563
608
699
799
830
931
968
1012
1028
1092
1260
1269
1291
1356
1369
1394
1457
1477
1511
1541
1552
1637
1644
1709
1743
1765
1796
1801
1845
1912
1958
1974
1997
2009
2014
2027
2032
2055
2087
2105
2135
2238
2278
2288
2351
2365
2403
2452
2499
2574
2678
2689
2706
2745
2777
2778
2785
2839
2884
2958
2979
3025
3067
3126
3169
3183
3228
3237
3244
3328
3425
3565
3599
3662
3993
4100
4127
4178
4193
4224
4249
4285
4411
4479
4537
4581
4699
4908
4927
4995
5068
5101
5103
5194
5326
5356
5427
5522
5614
5681
5746
5762
5825
5989
5997
6011
6044
6139
6189
6361
6473
6482
6530
6601
6651
6660
6683
6690
6728
6730
6805
6922
6967
6996
7050
7113
7135
7151
7172
7190
7252
7291
7294
7339
7340
7389
7460
7487
7494
7566
7621
7639
7659
7699
7749
7847
8015
8084
8087
8125
8155
8163
8185
8196
8232
8253
8267
8316
8351
8457
8589
8600
8608
8612
8625
8638
8669
8701
8734
8817
8820
8843
8863
8881
8971
8978
8981
8982
8999
9040
9143
9173
9187
9290
9428
9457
9478
9539
9553
9583
9592
9644
9671
9688
9693
9759
9816
9831
9891
9932
9972
1312
4637
6049
9241
9475
3181
4964
6798
7896
8117
1985
2853
5358
6271
8281
9785
1068
1083
2158
2402
3995
889
3155
6168
8153
2941
3392
6096
6513
7856
2231
2769
4099
4480
5977
6012
6216
7061
654
2576
9034
9206
1716
2793
2826
3161
4107
4487
4779
5941
6307
6500
7122
7254
7496
8464
8779
2093
2467
3810
7975
9325
98
713
1251
2002
2287
2901
3038
4485
4694
5347
6479
7287
7356
7819
7983
3588
3832
3940
5407
5867
7085
8546
8772
1032
2792
4481
4811
9681
190
303
737
782
908
1295
1401
1463
2079
2521
2782
3721
4267
5213
5217
5593
7400
7775
8427
8682
8716
8939
9346
9997
4874
6566
6579
7956
719
2054
2138
2345
2349
2750
2944
3974
4341
4478
5375
7430
8129
2845
4275
9510
3978
5359
8319
954
987
1100
1127
1425
2582
2917
3402
3558
3808
3831
3875
3918
4602
4719
5478
5781
5904
6430
6434
7509
7533
7953
8878
9093
9252
9299
9458
9523
9550
9715
9945
1359
1469
409
2611
2984
8791
9448
1441
2509
3843
8080
9424
1840
6924
1183
1859
2322
2412
2900
3487
3765
3853
4690
5817
5994
9987
185
887
2362
4105
4189
4395
775
1660
3421
3554
3884
4429
4893
6254
6596
6726
7650
8948
9005
84
2371
3934
4735
6018
6021
6928
8861
8882
9617
505
6134
6200
9107
510
4924
5397
9200
68
174
187
384
385
530
664
823
967
1393
1593
1848
1885
1907
1922
1950
2487
2620
2854
2995
3132
3150
3253
3418
3450
3463
3544
3602
3793
3827
4058
4119
4238
4504
4803
4869
4875
4911
5078
5172
5679
5952
5991
6232
6246
6829
6914
7139
7470
7500
7524
7543
7920
8002
8013
8016
8096
8172
8559
8582
8594
8619
8651
8672
8706
8970
9350
9672
9705
9786
9860
888
3278
5515
5877
8139
9144
1553
1776
2679
3563
8324
8785
324
2530
2645
2784
4244
1703
2379
3639
3723
4708
6859
7187
7723
9027
9196
159
279
414
1916
2795
3828
5495
5651
6063
7305
7644
7810
8115
8687
9462
9532
9602
1148
1156
1407
1412
2831
3044
3090
3564
3635
3641
4104
4222
4594
4660
4796
5789
6490
6931
7034
7286
7738
8068
8091
8260
8408
8735
8874
9004
9356
9558
296
584
1913
4732
7935
9758
5146
5355
7046
7101
7157
7726
8110
8354
8432
8877
9109
9321
237
1123
1177
1831
5045
7363
8654
92
1138
1504
2104
6949
8979
9508
230
361
483
509
884
2226
2228
2370
2455
2508
2531
2681
3087
3422
3500
3836
3917
3965
3989
4477
4604
4614
4835
5130
5341
5460
5673
5725
6241
6356
6399
6560
7181
7328
8300
8434
8588
9031
9327
9452
9630
9658
9677
983
1807
2309
5564
6531
4160
5342
5652
5822
7293
81
90
1680
2076
2299
2951
3724
4300
5383
5533
5741
6984
7838
7882
9949
1810
2405
2987
3187
8480
9761
3144
5824
7923
8208
275
350
979
1169
1277
1357
1572
1592
1811
1889
1914
2039
2270
2300
2404
2707
2781
2796
3305
3479
3484
3509
3557
4671
4804
4857
5289
5431
5850
6070
6146
6155
6538
6647
6864
7401
7599
7608
7993
8030
8104
8250
8372
8698
9110
9211
9454
9520
9847
356
4636
5129
5658
6068
7247
8181
1799
1806
2714
5727
7047
8231
9961
1491
6946
7128
1305
1333
1654
1728
2248
2328
2752
2848
2952
3212
3513
3549
3676
4892
5170
5376
6148
6213
6570
6828
7596
8438
9645
9730
9915
6953
7014
9115
3646
3671
4823
5097
5189
5714
8071
392
950
2538
2550
2818
5006
5299
5518
6218
6315
6506
6687
7843
8310
8924
9372
316
2827
3012
4362
5519
6952
8130
9388
9735
491
2274
2387
3790
4290
4970
5062
8021
8385
8410
8656
9472
1708
5943
6742
7570
129
351
567
1435
1478
1834
2462
5344
6238
7168
8910
9343
2263
3107
4915
5685
6669
6747
9648
3327
4258
6852
8733
9046
1818
1949
3848
4069
5169
8048
961
1521
2595
4921
5141
5310
5970
6550
6641
7219
9852
2077
6006
1052
4367
9111
1977
3193
3224
3571
4662
6154
8251
8714
787
1715
2396
7006
9585
157
178
224
253
264
290
336
402
456
461
469
478
481
533
550
554
591
592
603
651
673
691
700
733
746
763
770
808
812
826
859
866
966
990
1009
1060
1099
1242
1249
1250
1273
1283
1331
1332
1346
1361
1397
1448
1523
1718
1781
1876
1921
1923
1937
1942
1987
1993
1995
1996
2022
2154
2199
2256
2269
2289
2298
2382
2388
2395
2444
2476
2539
2599
2608
2624
2625
2686
2735
2748
2840
2878
2991
3065
3069
3072
3197
3225
3250
3283
3409
3454
3458
3462
3517
3524
3527
3528
3538
3627
3634
3654
3667
3711
3730
3751
3798
3801
3900
3970
3985
4014
4083
4084
4095
4161
4205
4331
4397
4421
4463
4501
4565
4638
4651
4670
4688
4721
4792
4795
4854
4890
4910
4918
4955
4978
5054
5088
5105
5117
5122
5134
5142
5277
5292
5319
5396
5410
5532
5568
5576
5592
5660
5693
5711
5731
5753
5783
5872
5926
5974
5981
6043
6078
6175
6198
6220
6265
6276
6322
6414
6442
6462
6463
6514
6557
6574
6575
6594
6667
6702
6791
6803
6819
6821
6832
6837
6841
6893
6935
6958
6990
7039
7058
7065
7153
7349
7447
7448
7514
7623
7766
7829
7859
7866
7954
8037
8051
8089
8112
8173
8299
8352
8357
8370
8376
8386
8391
8444
8488
8499
8552
8626
8703
8804
8813
8851
8914
8969
9050
9052
9083
9128
9133
9201
9212
9234
9242
9256
9335
9401
9409
9415
9423
9449
9464
9468
9480
9506
9577
9627
9706
9719
9753
9792
9822
9877
9906
9909
9911
9922
9941
9960
9996
352
9305
1773
2164
2821
3740
3878
4882
6685
8540
9486
1130
9414
131
5403
5529
7499
7537
263
4133
4442
4555
4954
6152
2749
8228
9748
9954
569
1733
3939
4093
5702
5973
6008
6556
6698
7108
9615
711
1711
3770
4185
5990
6388
6515
7214
7671
7808
9939
610
1220
1797
1800
1814
2513
3167
3652
4472
4829
4988
5880
6081
8984
9667
984
3024
4051
6364
7215
7416
8322
8465
1701
2171
2728
2765
2899
3795
5089
5934
6906
7589
7751
7981
8545
8692
8993
9082
9701
7645
9086
9964
215
247
1090
2373
3446
4022
4738
5302
5451
5591
6172
6477
7797
8789
8801
9130
9223
9371
2343
2500
6089
6375
7329
8620
9957
273
722
1340
1860
1896
2085
2276
2519
2578
2893
3039
3136
3147
3248
3685
3962
4613
5300
5373
5380
5416
5428
5528
6051
6457
6966
7100
7188
7957
9160
9310
9342
3741
8685
206
575
1084
2596
2780
2983
4432
4947
5434
5841
6860
1008
3614
7464
913
1168
1456
1774
2281
2496
2663
3276
3488
3541
3597
3771
3929
4128
4229
4866
5440
5809
6109
6151
6176
7319
7474
7770
8157
8798
8921
8997
9317
9377
9425
773
8007
1869
2998
3084
4985
5282
5670
6427
7789
8303
9803
93
219
1133
1179
5187
5772
7959
8543
134
638
2646
7610
20
96
566
779
900
904
992
2190
2303
2760
3109
3385
3468
4207
4493
4731
4776
4936
5718
5765
5930
6120
6121
6212
6433
6522
6617
6750
7080
8132
8223
8442
9268
9578
9643
9865
225
8945
3966
5480
1221
1365
2211
3230
5191
7173
7834
8450
1533
7043
853
956
962
1793
2063
2445
2886
3728
3910
3955
4232
4920
4980
5041
5672
7649
8416
8689
8748
9064
712
2731
4713
6668
3043
3720
4335
4571
4595
4739
5399
5771
7010
8433
393
522
6225
8580
8951
9127
2431
2997
3595
5143
7282
7742
8629
836
2134
2797
4294
4740
6094
7705
13
181
246
307
589
660
731
821
933
970
981
995
1058
1098
1620
1744
2518
2817
3110
3284
3431
3449
3603
3608
3803
3942
3953
4036
4140
4170
4626
5091
5243
5420
5544
5707
5797
5833
5838
5890
6231
6559
6602
6648
6696
6757
6923
6968
7126
7213
7387
7398
7907
8066
8138
8383
8508
8520
8547
8567
8888
9001
9221
9267
9579
9825
637
876
2056
2133
3120
5715
7825
2935
3655
5645
6878
9835
1396
1617
4141
6957
7803
8072
9791
2420
2688
3890
4418
5677
9584
9618
448
932
1547
2978
3105
3309
3783
4039
4369
4373
4755
4879
5390
5424
5766
6204
6450
6675
6934
8805
9095
9800
141
489
1746
6454
9744
3469
7132
9952
282
306
355
777
1415
1430
1903
2533
3128
3631
3706
4000
4150
4268
4359
4408
4502
4543
4607
4692
5333
5675
5680
5887
6093
6278
6501
6625
6845
7072
7804
8421
9331
9621
9751
1939
4291
9237
514
9029
9314
6300
6834
7929
8977
222
952
1193
1212
2275
2368
3731
3869
4129
4667
5298
6572
7341
7455
7657
8839
9123
9600
1140
4281
49
1238
1749
1817
2418
3119
4283
5232
5507
6306
8280
9782
9938
4529
8116
8289
9036
1329
2800
5246
7527
8902
1628
5394
7408
5954
6936
8042
8732
1971
4187
5233
340
1891
3752
3860
5288
7070
8845
1
69
74
112
217
248
292
432
470
729
745
750
817
948
958
1018
1064
1226
1328
1498
1506
1536
1550
1570
1574
1741
1884
1905
1933
2060
2139
2194
2198
2447
2583
2627
2830
2857
3104
3133
3173
3205
3240
3256
3430
3526
3529
3636
3672
3684
3704
3851
3924
3944
3963
4134
4230
4372
4426
4503
4664
4686
4702
4711
4756
4983
5000
5073
5192
5205
5343
5473
5496
5543
5625
5697
5716
5848
5858
5894
5995
6038
6115
6142
6298
6475
6480
6631
6673
6695
6758
6900
6992
7095
7259
7342
7547
7549
7551
7552
7598
7652
7697
7833
7877
7897
8109
8118
8140
8197
8243
8265
8286
8387
8390
8418
8441
8533
8578
8649
8814
8915
8952
8990
9053
9174
9215
9311
9580
9603
9619
9631
9726
9732
9802
9985
5162
6794
4138
4333
5064
5212
8381
9156
9869
2562
1745
5307
5588
4304
4409
6334
342
349
2046
3650
4029
5114
6105
6474
6855
8519
8886
2926
3074
3903
5992
8828
2399
3551
5501
6028
6235
6248
6391
6962
7887
7966
7968
9511
9795
873
3407
7267
8492
9011
207
852
1414
1479
2381
3198
3259
3574
4386
5327
6201
6360
7539
8124
8618
8622
8991
9179
9716
9993
4292
5914
7378
8965
9225
1015
3812
5462
6301
6830
8248
8707
386
498
2186
2477
4414
4678
5406
5695
8695
9955
80
114
254
323
364
1702
1707
2019
2341
2350
2603
3060
3416
4375
4758
4763
4946
5144
5506
5940
6415
7334
7497
7517
8167
8628
8873
9014
9120
9140
9384
9491
89
3265
3536
5112
8192
8675
1173
5864
6678
8570
5686
8614
119
594
1076
1894
2684
2867
2918
2985
3064
3784
3805
4307
5726
6578
7452
8032
9329
9632
1391
2852
4518
5079
6762
7439
7564
420
1113
1890
2081
5843
6030
7822
8895
508
1812
2021
2141
2862
3515
3862
6995
7017
8887
9304
9928
9989
3242
3587
4368
4577
5023
5585
6100
7235
7725
7927
8128
2575
7236
8126
9294
106
212
496
606
706
915
1025
1088
1102
1151
1164
1298
1310
1599
1641
1789
1841
1990
2037
2185
2232
2339
2511
2788
3066
3352
3426
3534
3746
3849
3972
4309
4323
4512
4928
4929
4979
5056
5057
5127
5231
5305
5309
5325
5950
6060
6065
6221
6228
6365
6412
6470
6527
6674
6977
7066
7169
7212
7477
7587
7629
7707
7713
7853
7922
7989
8461
8585
8607
8673
8704
8837
8893
9197
9247
9251
9328
9610
9711
9725
9750
9798
9799
9806
916
1612
3111
7680
6097
7600
1031
2086
2881
3855
4932
6215
6302
7130
1135
1145
1316
1606
1633
2023
2520
2640
3196
4242
6069
7062
7285
8162
8557
9146
2028
2847
5278
9887
1326
1732
2456
2823
2871
2973
3938
3988
4027
4091
4716
5171
5472
5777
5932
5944
6258
6408
6468
6836
7211
7478
7682
7840
8867
9460
9470
1216
1808
2193
2743
2986
4900
6053
911
2173
2337
2465
2597
2698
2776
4666
4997
5220
5565
6688
7891
8284
897
2235
2590
4710
4904
7748
7855
632
2807
5109
7889
4544
5046
5984
17
78
639
1062
1258
1301
1539
1595
1710
1712
2042
2670
2820
2955
3004
3102
3116
3158
3171
3295
3296
3604
3613
3651
4384
4559
4580
4656
4785
4824
4903
5167
5389
5497
5583
5819
5900
6166
6344
6396
6591
6684
6813
6824
6880
7052
7335
7338
7717
7894
8038
8044
8067
8183
8247
8301
8330
8347
8455
9476
9546
9947
877
1676
2711
3238
3906
3976
5151
6003
6778
8781
9016
9962
4912
5387
6455
7948
8423
8941
3376
4486
4630
4642
7199
516
1155
2313
2534
2825
2968
4067
4780
5135
6090
7450
7506
7860
8063
8898
9286
6884
7397
9303
348
357
1011
1384
3279
3943
5555
6621
6775
8350
8544
441
2219
2449
5249
29
107
353
607
879
1540
1857
1900
2161
2358
2694
3270
3547
3566
3959
4002
4505
4729
4883
4914
4982
5514
5554
5704
5733
6194
6628
6755
7180
7239
7492
7955
8795
9249
9589
9734
9777
9797
9908
9923
502
1065
3473
4130
4452
6956
9233
1066
4826
7462
8719
9998
1124
1751
2945
3170
3501
4464
5739
7111
7221
5
927
2873
3581
5019
6713
1282
1955
4447
173
195
807
894
1243
1455
1697
2119
2201
2409
2912
3307
3490
3642
3713
3763
4044
4498
4877
5643
5785
6040
6291
6321
6981
7556
7673
7827
7951
8237
8947
9185
9282
9361
9456
9653
1388
3378
8905
9437
1685
3433
4135
4986
5527
9313
9660
170
3252
6766
6969
7595
8446
126
716
1527
1795
1825
1930
2347
2549
3769
3800
3912
4017
4201
4388
4589
4645
5253
6548
6645
7004
7238
7693
8818
9505
9552
9581
297
5612
6624
9121
1038
1079
2083
4445
5617
5700
8471
9306
1461
1665
3780
9312
91
241
305
442
694
871
1263
2584
2779
2836
2863
2981
3335
3675
4079
4380
4389
4639
4887
5176
5758
6459
7333
8276
8298
8563
8752
8959
907
2738
5219
5415
6483
6918
7585
110
882
1367
1416
1514
2128
2163
2858
2892
3057
3215
3235
3555
4623
5008
5667
5709
5839
5851
8205
8447
9366
9892
429
1109
1698
6080
6508
6537
6564
8006
8844
87
937
1125
1673
4123
5308
7605
8976
9616
686
2162
4975
5549
5662
623
972
1501
2094
2124
2129
2488
3919
4633
5623
6815
7640
7934
8222
8283
8809
9250
9697
9986
3623
9315
160
914
1583
1766
1919
2005
3447
3550
4858
5280
6091
6207
8966
9198
2721
3191
5174
2746
6443
6445
9587
3777
5265
8730
9817
9876
377
2480
3143
4438
4909
6141
7473
8834
6518
7155
9778
943
3051
3981
4215
5113
7137
7606
9403
2469
7296
61
464
945
1121
4619
5120
5710
6084
7944
9354
4832
4938
7374
1696
4298
4560
7140
8259
8919
842
862
2457
5983
1518
1991
3575
9810
3035
9
41
50
58
125
183
228
243
278
308
367
376
418
431
439
460
473
480
552
656
677
702
837
850
855
863
891
971
1147
1174
1187
1309
1343
1348
1377
1444
1465
1466
1534
1556
1559
1643
1658
1671
1686
1725
1729
1736
1753
1804
1865
1893
1898
1901
1911
1926
1929
1982
2000
2001
2036
2098
2167
2188
2197
2205
2215
2323
2367
2391
2417
2463
2485
2489
2506
2555
2569
2593
2600
2615
2622
2719
2726
2763
2841
2844
2883
2891
2916
2947
2967
2970
3046
3055
3070
3088
3114
3156
3184
3331
3367
3371
3379
3399
3412
3444
3496
3522
3525
3542
3546
3553
3589
3596
3607
3633
3657
3694
3719
3732
3785
3799
3824
3837
3841
3879
3887
3911
3923
3937
3960
3968
4028
4090
4094
4156
4216
4261
4287
4303
4306
4398
4400
4415
4433
4525
4567
4628
4649
4655
4715
4742
4759
4790
4828
4845
4849
4862
4870
4899
4984
4996
4998
5027
5072
5081
5110
5124
5139
5149
5250
5271
5336
5365
5419
5442
5464
5465
5468
5505
5536
5580
5616
5630
5653
5678
5720
5745
5749
5755
5760
5768
5787
5906
5908
5945
6001
6047
6140
6158
6182
6193
6196
6270
6325
6327
6395
6461
6491
6535
6549
6551
6567
6569
6571
6636
6652
6686
6707
6721
6818
6883
7054
7071
7079
7096
7145
7146
7258
7279
7302
7391
7410
7420
7435
7438
7479
7520
7522
7603
7622
7632
7678
7689
7739
7745
7784
7844
7850
7893
7900
7901
7982
7999
8009
8119
8146
8179
8234
8240
8271
8279
8325
8342
8343
8360
8389
8428
8452
8456
8478
8538
8581
8610
8611
8681
8739
8774
8826
8926
8938
8942
8963
8968
8975
9015
9069
9118
9149
9167
9172
9177
9188
9222
9248
9255
9274
9283
9404
9421
9422
9441
9465
9479
9557
9569
9588
9626
9629
9646
9656
9673
9736
9767
9779
9787
9826
9836
9866
9879
9894
9905
9942
9991
9992
453
3628
9850
2354
6748
6784
7367
9213
3010
3153
4387
5075
5965
8721
8829
2434
3668
4021
7574
7615
8176
742
9502
864
7501
8404
163
1581
2421
33
6229
8077
9395
9408
2062
7788
7910
8962
9899
801
3117
4342
5328
5433
7032
7077
7284
9467
8
1120
1761
2286
4962
5691
5719
9537
5889
6866
8193
9912
1149
3329
4219
7811
8823
9463
9875
4206
9904
3
22
338
800
854
1529
1957
3609
3629
3794
5546
6188
8712
9604
1609
4203
6197
6820
115
245
271
757
861
1648
3868
4897
5957
6644
6801
8178
8541
2203
2601
4334
4754
7746
8917
9370
1492
1739
4180
4468
4913
4976
5690
6393
7372
9028
9203
9210
9837
1582
2802
4506
4973
7490
155
649
1297
2693
3130
3543
3632
3986
4007
4233
4654
5949
6336
6714
7913
9090
9324
9662
9663
5209
8918
322
827
980
1373
1402
1563
1669
2876
3079
3414
3806
3820
3863
4937
5849
6042
6458
7117
8307
8693
8766
9690
6606
9650
1451
1587
3037
3048
3688
4462
4558
8696
9450
5452
5627
8079
8114
10
21
179
734
815
847
2501
2662
3445
3645
3702
4547
5354
5929
6145
6240
6255
6761
7127
7355
7446
8257
8309
8542
9061
9298
9649
898
1352
1427
5828
6719
12
831
872
2225
3017
4220
8143
8574
1566
1722
2067
2468
4530
4771
5291
6062
7513
7790
28
31
537
578
776
878
1042
1232
2204
2439
2493
2674
3092
3754
5024
5982
6330
6466
6804
6989
7630
7642
7703
7823
8019
8227
8658
8778
9072
9482
9483
9500
4364
9595
685
1080
4176
4839
5708
7802
9606
9784
214
466
2318
4159
6076
6484
7965
8041
8182
8328
8761
1925
4612
6083
728
6795
7217
32
36
42
101
484
724
969
1044
1154
1223
1763
1946
2436
2956
3095
3123
3275
3281
3460
3665
4054
4198
4286
4808
5086
5895
6439
6712
7331
7661
7684
7736
7793
7863
8159
8171
8249
9023
9087
9443
6663
8832
1481
3897
3922
7436
7908
8647
9507
3189
287
758
1182
1195
2041
2169
2254
3346
3679
4257
5747
6017
7244
7503
7800
2801
2808
4406
5240
5676
7872
1248
1843
6116
6264
6959
7546
8827
9684
270
1106
1181
2327
2394
8603
4250
8862
147
389
565
721
790
976
988
1141
1266
1378
2003
2498
2669
2890
2950
3098
3208
3209
3415
3814
3819
4057
4097
4125
4327
4444
4868
5605
5622
5628
5967
6394
6409
6630
6781
6846
6870
6932
6987
6991
7301
7352
7419
7578
7675
7737
7967
8164
8467
8562
8564
8777
9035
9057
9238
9512
9574
9703
9885
2580
2896
8245
8420
403
479
899
1874
2988
4041
5051
6756
1573
3417
4846
5683
6338
7351
9853
3145
3280
3582
4163
4610
5337
6104
7413
8210
8663
9536
9873
539
3033
3689
5037
5382
7480
8336
1622
2117
2244
2377
2454
2540
2586
3061
3266
3521
3680
4705
5111
5125
5269
5318
5435
5976
6071
6511
6605
7330
8175
8561
8782
9367
3162
4700
1003
2340
2566
2868
2934
3411
4736
4772
6319
6827
8602
596
3768
4248
4669
6588
6629
7698
9386
4515
6339
7393
7442
8008
1980
3441
5856
6341
674
2759
4930
5186
5315
6431
345
375
379
463
511
551
600
693
906
959
1050
1265
1516
1947
2246
2308
2442
2451
2736
2824
2829
3015
3036
3068
3086
3320
3362
3457
3508
4040
4245
4296
4696
4741
5098
5509
5569
5666
5794
5845
6130
6362
6369
6389
6422
6471
6692
6779
6835
6862
6885
6909
7003
7023
7274
7283
7313
7365
7529
7669
7824
7995
8003
8105
8311
8394
8494
8718
8889
8912
9279
9740
9815
2851
8876
8913
9021
9446
9882
1450
3736
7309
7930
8576
1873
3178
6542
7780
7799
8825
9978
3921
5334
7109
7865
8213
8891
1868
3907
6853
7662
7912
9739
399
951
1188
1954
2069
3182
4319
4451
5013
5059
5444
5526
6310
8463
9525
1537
4075
5414
8070
9675
751
1830
2099
7011
293
6910
7421
8593
9929
274
468
471
1405
1419
1571
1585
2687
3146
3267
3494
3505
4805
5408
5664
5689
5912
6064
6156
6160
6534
6653
6738
6861
7205
7298
7399
7849
7926
8026
8059
8337
8568
8901
9307
9402
2115
3195
4552
1035
1303
1601
3830
5011
7233
7613
7876
417
814
1782
3640
4590
7976
9148
326
1197
1267
1509
1757
2559
2587
2685
2835
3264
3394
3835
4018
4223
4366
4376
5979
6244
6382
7528
8254
8273
9399
9544
70
388
4101
5959
6917
6937
9971
208
964
1400
2475
3218
4053
6948
7192
7465
7573
8527
8690
309
2616
3381
4683
427
1548
2255
2440
3559
3774
4391
5185
7242
8075
8341
8469
8498
9918
1600
1717
1783
1963
3383
6177
7081
771
1299
1449
1459
1861
3008
9762
6050
9273
9830
2943
3322
6446
7756
1374
3839
4542
5393
5972
7167
127
192
201
304
487
507
545
557
642
696
735
739
1014
1073
1122
1172
1382
1470
1543
1677
1762
1924
2031
2047
2314
2325
2353
2655
2672
2704
2771
2794
2838
2887
3053
3078
3100
3113
3213
3251
3304
3318
3401
3448
3464
3472
3540
3605
3707
3758
3838
3847
3870
3872
3883
3957
4005
4073
4454
4483
4562
4575
4584
4585
4646
4689
4726
4734
4737
4907
4935
4959
4977
5016
5136
5234
5275
5492
5589
5641
5655
5801
5936
5938
5998
6052
6150
6191
6219
6428
6526
6623
6658
6671
6892
7002
7037
7073
7092
7123
7225
7375
7481
7562
7691
7733
7763
7815
7980
8027
8100
8108
8204
8388
8411
8437
8468
8493
8539
8797
8892
8925
9003
9024
9026
9051
9054
9056
9071
9077
9078
9137
9152
9169
9195
9236
9363
9376
9387
9398
9416
9419
9638
9657
9731
9776
9824
9838
3626
5661
8950
2842
3338
4181
488
617
1819
4412
4422
4855
5082
8039
8201
9635
1476
3712
5449
7276
7854
7962
8272
8904
9181
77
536
1598
2895
4777
5195
5542
8435
9008
9808
2007
5160
6418
6553
9045
413
1500
2315
2497
3001
4621
6242
7134
7368
8102
8225
8799
9481
1290
1337
2664
3321
8943
2372
4010
4417
4443
5558
6759
8073
8263
8380
8927
9009
9159
9489
3148
4898
7207
9598
1704
3991
5618
6057
7015
9490
337
3590
4214
5252
8256
8513
0
555
1240
1437
1458
1670
1906
1998
2025
2266
2301
2494
2547
2690
3247
3260
3892
4024
4652
5391
6179
6368
6497
7089
7224
7724
7753
7792
7795
7942
8811
8880
9089
9097
9563
9634
9829
9888
5313
8866
400
1828
1864
1992
2635
3969
6203
7454
7583
7735
659
2155
4252
5077
6464
6495
7103
7348
7747
7909
710
4142
5911
6706
6849
6999
1110
2718
3274
4761
753
1505
6871
6905
9263
169
695
4401
34
60
244
312
450
558
838
844
1094
1344
1345
1372
1420
1813
2426
2526
2634
2638
2907
3034
3094
3096
3222
3373
3618
3670
3797
3891
3973
3982
4174
4237
4461
4469
4527
4659
4706
4745
4766
5069
5070
5158
5274
5276
5283
5351
5368
5816
5975
5978
6023
6420
6498
6711
7230
7307
7347
7407
7434
7541
7550
7592
7817
7818
7947
7973
8293
8409
8500
8679
8759
9132
9293
9407
9526
9530
9702
3809
3886
7412
1502
5413
8705
930
4013
4149
9232
148
283
3620
4353
4627
7841
8953
5948
6710
7915
294
598
829
1453
2183
2929
3693
4750
5063
5650
6618
6774
7001
7262
7526
8573
9208
447
1308
1554
2649
2712
3610
4115
5043
7045
7184
9157
184
949
4329
4891
8291
905
1153
4773
5632
6891
9591
38
232
330
434
1137
1171
1847
2059
2137
2285
2336
2486
2573
3584
3691
3844
3896
4077
4143
4665
5381
5404
5784
5907
6002
6353
6359
6447
6790
7029
7228
7245
7332
7377
7388
7772
7774
8195
8332
8653
8660
9459
9497
9781
2756
3647
8486
8633
19
1289
1867
5840
7875
1360
2312
4139
5118
5854
6355
6920
8650
9231
9814
718
811
1247
1871
2017
3773
8040
360
443
688
1030
1047
1114
1379
1695
1838
2061
3261
3360
3788
4003
5050
5255
5316
5412
5743
7136
7138
7486
7764
9044
9112
9171
9707
9854
3006
4299
5116
7898
9695
993
5476
6144
6608
7597
7741
8095
8278
8560
593
910
1317
4344
6787
6816
1071
1634
2052
3423
3453
4168
4240
5937
6211
6729
7078
7129
8883
9207
9275
9724
9895
2344
6521
519
2113
2855
3138
3708
4169
5087
5392
5571
6153
6320
6421
7851
9714
9862
122
3866
5001
440
540
760
1131
2874
2905
3234
4076
5262
6429
8597
9076
9259
528
1970
5446
926
2411
2491
5893
5961
6256
7423
9042
9116
9599
9881
97
629
727
3082
3277
7614
2914
3013
5108
9679
1836
7163
8992
3300
4591
991
1616
3223
6612
9161
531
6943
9088
9642
198
4453
5633
8092
5211
6998
7618
8023
16
103
143
153
186
218
229
295
301
344
523
546
586
630
646
666
678
725
768
789
797
820
896
942
944
963
994
1029
1040
1081
1142
1200
1210
1211
1257
1296
1300
1468
1480
1588
1590
1619
1631
1668
1681
1770
1777
1823
1842
1881
1892
1935
1943
2048
2106
2127
2151
2214
2216
2271
2297
2359
2384
2385
2424
2471
2472
2473
2474
2495
2623
2650
2656
2658
2723
2885
2902
2920
2932
2936
2964
2996
3163
3206
3210
3306
3353
3370
3400
3437
3461
3478
3568
3572
3576
3580
3842
3881
3931
3941
3996
4109
4122
4157
4239
4293
4402
4407
4440
4514
4570
4608
4624
4629
4641
4653
4676
4751
4753
4793
4813
4836
4840
4940
4941
4952
4992
5009
5034
5042
5060
5061
5066
5095
5150
5178
5229
5237
5244
5260
5320
5349
5374
5384
5461
5481
5482
5484
5553
5607
5657
5698
5761
5788
5802
5815
5829
5831
5853
5892
5933
5986
6032
6206
6259
6281
6333
6386
6398
6496
6563
6593
6613
6616
6679
6681
6725
6812
6831
6877
6887
6897
6912
7064
7083
7084
7104
7147
7162
7265
7266
7308
7369
7402
7403
7406
7428
7449
7451
7505
7625
7687
7696
7701
7743
7757
7895
7936
8017
8031
8055
8057
8103
8189
8199
8270
8290
8368
8371
8414
8466
8481
8504
8534
8572
8587
8623
8664
8665
8680
8684
8726
8728
8757
8773
8784
8930
8955
8974
8988
8989
9094
9141
9337
9338
9349
9368
9374
9382
9411
9488
9538
9545
9597
9623
9624
9760
9773
9807
9811
9878
9937
43
1827
1883
5503
8980
3032
4972
6087
8683
1143
1983
5721
7198
8393
9868
4006
4277
6736
6417
7076
7476
7783
3438
6580
616
3308
4588
6699
1236
2258
4881
5925
135
1304
1413
2551
3029
3049
4103
4120
4322
8449
9000
9418
120
1096
1302
1952
2369
3239
3354
3436
4917
5085
6167
6425
6499
7582
7779
3330
4102
5353
6046
6282
7602
9874
1074
1693
2380
3485
5463
5638
6222
6376
6413
6558
6708
8024
8317
9147
9353
9916
1897
3787
4528
1611
2192
2479
2560
2960
3180
3560
7760
8497
8855
9194
9521
9863
1194
1446
2208
5053
7902
8525
8960
493
6245
8487
104
199
401
451
909
996
1311
1507
1705
1833
2132
2652
2753
3961
4235
4253
4489
4693
5128
5458
5581
5909
6192
8378
9848
1768
4042
6639
2470
3081
3347
5886
6054
9636
233
2741
5099
5862
7732
8491
749
1117
1528
1564
1888
2090
2294
2766
3097
3319
3518
3698
3737
4394
4467
4521
4902
5083
5222
5552
5923
6472
7018
7502
7731
7830
8136
8246
8320
8613
8840
9092
9113
9393
9755
1636
5323
8144
6123
7483
1850
2740
2761
4038
5025
5190
5245
6507
6633
7057
7458
9764
4183
6589
6689
8890
9718
428
2428
6576
140
197
277
408
634
643
645
860
1024
1086
1380
1398
1490
1568
1748
1785
1788
2064
2264
2304
2804
2915
3141
3745
4228
4466
4566
4707
4733
4847
5457
6143
6173
6426
6665
7090
7102
7150
7196
7626
7709
7878
7879
7904
7941
7977
8170
8822
8852
9708
26
6440
9641
5047
5756
7350
7532
2980
5813
6487
7557
7994
8269
9533
9980
2585
4553
4592
4853
5137
6965
9741
684
1244
2220
2408
2612
3207
4210
5183
5575
7005
8440
8729
1319
1659
2295
2725
9958
188
334
941
1999
2355
3050
3405
3757
4648
4752
6074
6273
8688
8792
9039
9593
2114
2976
3011
4270
5418
6978
7555
200
1314
4586
7264
7316
7653
8221
8643
1875
7337
7655
1330
3687
9191
209
341
369
387
426
474
538
633
892
1070
1078
1105
1292
1351
1366
1485
1532
1610
1635
1638
1975
2159
2296
2326
2335
2357
2631
3075
3285
3506
3616
3638
3792
3804
3857
4108
4217
4497
4579
4769
4782
4953
4993
5487
5502
5531
5557
5629
5668
5738
5786
5836
5951
6257
6349
6622
6657
7107
7125
7395
7777
7821
7881
8010
8396
8459
8485
8517
8803
8957
9103
9549
9743
9851
9944
24
612
875
1108
2305
4987
5015
5100
9154
9487
9936
923
2333
7978
1565
3026
5198
6108
6555
8060
8838
108
235
1227
2324
4063
4315
5165
5674
6709
6844
7087
7429
7579
9355
9564
903
3567
3695
8920
9073
9774
365
912
1327
2273
2541
2633
3254
3643
3697
4001
4698
6122
7635
9239
83
881
1642
66
2165
2982
2993
3669
5138
7358
8555
1376
3404
4336
4860
4926
7024
149
180
8875
124
901
1150
1815
1839
1846
1886
2070
2112
2120
2389
2775
2924
3293
3301
3375
3388
3410
4034
4727
4895
4969
5181
5947
6510
6544
7208
7461
7594
7637
7752
8033
8188
8292
8736
8753
9166
9288
9397
9940
3481
383
4118
5411
5567
7950
7997
517
701
1403
2049
3045
3317
4338
4354
7203
39
4199
4798
4825
291
430
960
1364
2774
3127
3537
4190
4256
4819
5610
5620
6350
6385
6436
6929
7044
7409
7604
7658
8744
8762
8931
9153
2523
4278
6848
7272
7660
280
1160
1176
3829
5179
5740
925
1678
2018
2543
2589
4770
5204
7588
8252
8474
9794
2458
3151
3871
8113
513
818
1159
2438
3397
3876
4539
5671
5962
6825
7628
7648
7924
8674
689
2189
4151
4282
4561
7453
314
1207
6640
6800
6823
8502
8522
9405
9451
1651
6180
8490
8720
8923
1072
1525
8345
8807
3905
6529
6899
8425
9770
46
690
1334
1750
3142
4082
5804
6955
85
2556
3493
4546
989
2709
3649
6404
8601
8996
268
302
346
354
371
415
570
653
767
804
868
880
928
978
1091
1119
1146
1152
1191
1201
1203
1272
1443
1530
1560
1649
1734
1767
1837
1910
1979
1984
2038
2053
2091
2123
2202
2283
2378
2503
2510
2553
2579
2644
2677
2898
2938
2957
2963
2969
2992
3014
3019
3172
3203
3246
3258
3292
3310
3486
3499
3593
3700
3823
3833
3877
3975
3977
4008
4086
4155
4225
4279
4280
4347
4365
4374
4456
4484
4500
4576
4748
4797
4841
4852
4878
4968
5003
5020
5044
5201
5218
5224
5226
5372
5379
5475
5490
5539
5594
5597
5779
5795
5953
6132
6305
6348
6407
6469
6626
6723
6743
6764
6783
6833
6890
6933
6938
7067
7068
7097
7159
7249
7263
7382
7433
7510
7512
7542
7676
7704
7820
7832
7979
7984
8065
8081
8098
8099
8147
8191
8217
8218
8224
8258
8285
8315
8401
8419
8505
8548
8666
8715
8723
8847
8856
8935
9176
9244
9284
9362
9440
9514
9524
9543
9562
9571
9633
9654
9823
9920
4
665
3342
3470
4048
5534
5866
6323
7086
2051
8180
4615
5748
6163
8282
9269
1460
1972
3419
6620
6985
9979
166
595
3063
3398
6072
8896
9893
1561
1931
5184
6138
9884
622
2653
2697
3031
4325
4499
5286
6119
6136
7467
8083
851
3782
4312
4894
6486
7176
242
1222
2103
3990
4718
5405
5596
5993
6184
6888
6927
7019
7171
7277
8787
4948
6346
9721
890
982
2243
4011
4179
4289
4343
4905
4994
5014
5601
5888
7945
8047
8230
8713
8790
9108
3502
8802
2708
3214
6217
8076
9432
9926
3336
9509
55
676
806
1280
1497
2130
2361
2393
2512
3199
3659
3949
4113
4318
4605
5400
5682
5701
5806
5946
6101
6873
7572
7607
7769
8314
8879
9692
9752
5956
6234
226
714
1007
2696
9030
9518
1738
2959
4538
4856
5432
5916
6505
6670
7094
7441
7985
8078
8800
9019
9104
9534
9659
72
202
5366
6268
7906
8836
1021
2068
2461
3364
4080
4848
5402
5869
7905
9872
102
2598
3221
4743
8983
123
211
276
574
1020
1493
1513
1786
1790
2066
2415
2502
2605
2661
3016
3465
3772
3933
4015
4089
4311
4423
4511
4520
5074
5363
5752
5876
6185
6311
6460
6942
7055
7112
7121
7366
8133
8495
8985
9246
9291
9316
9559
9930
9967
8094
8816
2131
2572
3159
3268
4126
8868
9002
1667
2880
4844
5640
8506
588
824
1569
1791
2251
2290
5988
8615
9262
9668
9890
3778
7870
8046
8364
8571
784
3764
5040
8750
9168
9790
54
1134
1229
1233
1780
3000
4496
5055
5421
5649
6672
6700
6718
7178
7384
8011
8064
8313
8661
8725
8786
8842
9142
1205
4495
4545
2448
2699
3744
4314
5728
7048
1832
8850
9230
9517
333
599
744
2082
3789
4458
6183
6397
8149
8616
6159
6318
7892
9400
9948
541
1000
1294
2805
2869
5029
5033
5456
6227
7049
8166
8356
8932
1754
3845
4114
4320
4358
4490
5018
7038
2806
4424
8220
9513
35
1720
5378
6406
8264
9484
9870
4049
6352
7974
9096
2517
9162
48
53
59
82
95
191
220
394
395
433
615
940
974
997
1063
1104
1165
1264
1320
1339
1386
1406
1424
1462
1632
1714
1824
1989
2008
2157
2191
2229
2591
2676
2713
2814
2864
2872
2953
2962
3190
3359
3497
3594
3600
3692
3813
3909
3932
4037
4062
4070
4147
4191
4236
4349
4474
4767
4863
4966
4999
5030
5206
5214
5272
5285
5322
5332
5491
5512
5524
5757
5865
5870
5875
5883
5903
5928
6015
6061
6067
6165
6181
6209
6402
6419
6517
6573
6581
6691
6705
6716
6717
6727
6788
6925
6940
7008
7144
7152
7179
7246
7257
7275
7303
7311
7320
7344
7404
7414
7534
7643
7702
7869
7903
7960
8219
8277
8524
8530
8724
8796
8916
8956
9059
9067
9184
9186
9204
9281
9383
9461
9542
9596
9607
9608
9745
9809
9841
9849
9855
9935
2057
4265
4722
9968
668
2849
4631
7353
1434
1968
2221
3005
4632
5032
5696
6540
7612
9685
5769
6128
6780
8515
9429
9965
2012
2423
2977
3357
6233
6326
9396
9796
318
867
1231
2989
3715
4148
4611
5443
6383
6947
7289
8934
9699
4221
5335
7143
7634
8430
840
3241
3781
4925
6016
6205
6649
6661
8604
8783
8849
9898
1089
1209
1664
2837
3343
5578
7884
9828
1093
1189
2331
2975
3372
3455
3901
3904
4164
4404
4475
4587
4933
5028
5039
5159
5346
5648
5790
5987
7469
7837
8994
9485
9727
158
2432
6520
6817
7379
7712
1039
1613
2247
3085
3861
5230
5999
6858
8150
8709
3585
4851
5093
6243
6814
7091
8636
9674
1022
1960
2212
3562
7471
8398
154
299
556
973
1001
1045
1082
1255
1285
1313
1510
1735
1769
1826
2922
3257
3384
3408
3510
3945
3979
4534
5312
5611
5736
5775
5803
5871
6384
6722
7105
7523
7601
7683
7786
7873
8190
8359
9292
9445
9471
9833
738
2265
6850
2577
3174
3243
6328
1095
2166
2648
3952
4266
5426
8241
4812
5520
6502
6516
193
1016
1355
1517
1690
1887
2427
2546
3192
4274
5266
5469
5855
5963
6749
6881
8061
8097
8365
9265
9567
9573
604
816
1342
2187
7545
8353
9933
6
100
1262
1488
2870
3007
4023
4165
5026
5499
6075
6971
6975
7209
7560
7801
7992
8644
8870
9775
2643
6082
9669
9765
52
1940
2284
4942
6811
9358
803
1854
4110
6112
7210
1436
1784
2443
3699
3958
8236
8742
117
133
331
372
378
501
667
761
774
955
1002
1043
1115
1228
1335
1584
1589
1614
2206
2210
2293
2320
2360
2414
2637
2754
2965
3188
3219
3282
3377
3390
3507
3622
3681
3696
3725
3760
3816
3817
3859
3873
4065
4081
4162
4328
4425
4430
4516
4533
4597
4599
4684
4724
4873
4991
5021
5145
5152
5258
5297
5314
5352
5388
5550
5559
5577
5590
5724
5798
5821
5919
6102
6283
6643
6646
6842
6867
6869
6916
6970
7237
7248
7359
7415
7431
7581
7722
7805
7852
7931
7932
7952
8177
8261
8344
8373
8511
8584
9074
9150
9296
9344
9434
9474
9655
9664
9689
9733
9805
9950
683
1440
3442
6974
7385
111
2799
6351
6372
7390
7969
3612
3717
6037
8453
9665
1215
1618
4428
4616
4788
4833
4974
5007
5221
5247
6503
7154
7567
7857
9257
2241
2626
6735
7768
9006
635
1909
2180
2897
2999
3056
3345
5163
5361
6543
8287
8482
8841
9330
9661
265
1075
3099
662
2356
2700
4192
6843
8297
2252
5511
25
239
380
405
547
748
810
957
1235
1951
2222
2234
2657
3753
3822
3930
4345
4536
4800
4830
5236
5837
6029
6267
6680
7007
7069
7099
7317
7392
7667
7744
8035
9240
9570
3569
3718
1959
3200
8346
8756
886
1208
1724
2029
3363
4188
4600
5842
5917
6802
6872
6961
7484
8599
8702
2413
3106
5635
6202
2798
3432
4227
4749
6374
6944
7839
145
520
2717
6279
7554
602
1731
3009
3059
3249
3739
8004
2592
2942
8621
9453
165
332
504
529
671
723
936
1023
1036
1139
1163
1321
1421
1447
1494
1526
1844
1863
1878
2095
2108
2116
2140
2429
2856
2866
2919
3302
3380
3512
3664
3998
4301
4403
4437
4557
4569
4958
5818
6086
6095
6331
6519
6582
6654
6739
6950
7030
7166
7361
7456
7468
7530
7593
7651
7686
7734
7846
8005
8045
8148
8268
8349
8405
8477
8551
8667
8711
8764
8788
8815
8936
9043
9079
9085
9214
9554
9700
9738
9772
9793
9843
4556
11
796
4050
7141
7949
9189
9515
793
1809
1877
3298
3395
4035
4943
6523
267
631
778
4799
6435
7424
8085
8448
9101
156
6226
8429
9527
717
792
2170
2703
3660
4494
4820
5005
5398
6378
6438
6604
6941
7082
8215
8769
8865
8894
1128
2182
5161
6124
8160
9022
3733
4817
8741
9410
641
1126
1679
2822
3263
4405
5770
6195
6785
7183
7290
8049
8056
8400
8406
8431
8740
9245
9498
515
5654
6157
7304
7765
4441
6715
7165
7177
7261
7354
7755
7996
8933
9266
9295
9504
9737
2321
2789
4068
5238
262
3294
3504
3874
4204
4271
6014
8262
8413
9285
1967
4807
7443
63
137
205
286
506
544
559
798
1433
1475
1661
1771
1821
1944
1964
1986
2348
2483
3220
3533
3579
3673
3858
3947
4043
4098
4260
4276
4355
4663
5123
5279
5331
5504
5584
5639
5791
5792
5873
6149
6164
6335
6638
6693
7053
7182
7234
7716
7862
7885
7925
7946
8161
8318
8509
8579
8743
9106
9202
9289
9302
9389
9556
9575
9698
9712
9763
9913
9921
9994
647
1055
2400
2460
3948
5166
9858
7425
3759
5364
9055
9155
257
300
1019
1623
1737
2020
2757
3637
3648
5587
5812
6332
7495
7571
7899
8379
8566
9098
9896
1162
2109
7794
221
620
857
1432
3134
3451
3971
3983
4211
4541
4939
5197
5538
5958
6079
6342
6997
8897
9032
9628
3756
5827
281
626
819
2111
2667
3498
4517
5106
5800
6898
9900
368
730
9804
9925
1604
3424
4768
7312
7886
57
118
234
562
582
1322
1422
1627
2292
2386
2490
2542
2613
3080
3125
3262
3393
3514
3520
3791
3889
4182
4208
4241
4476
4677
5038
5338
5437
5595
5712
5920
6117
6249
6528
6619
7000
7075
7624
7720
7767
8022
8637
8810
8900
8922
9129
9199
9357
9477
9704
9713
9988
1880
2925
4231
5370
7666
73
7273
8694
8964
802
4272
5479
7987
8395
9205
9345
298
526
2722
6908
9766
1657
2045
3273
3427
3489
4254
5287
5500
6381
6724
8760
8911
9260
9519
3530
3561
4436
4574
5832
9254
2702
5126
5826
7241
3115
5924
6666
8366
3324
9883
132
446
548
680
825
1037
1158
1567
1713
1764
2092
2176
2178
2363
2397
2516
3290
3894
3925
3928
4052
4413
4657
4827
4944
5180
5931
6048
6125
6554
6583
6740
7031
7119
7216
7322
7646
7791
8043
8111
8200
8445
8765
9099
9379
9637
9747
9856
9981
625
2459
2815
5659
5735
6760
9134
3255
7619
9768
3656
6103
7826
732
6085
6162
7357
8369
9065
449
472
1988
2172
2217
3762
4085
4526
4859
4906
4957
5031
5115
5560
5969
6907
7561
8203
9380
9540
3967
4202
5417
8436
849
1656
2594
3663
6303
8088
9391
9572
675
1056
1349
1363
1418
1682
2242
2581
2606
2618
2732
2931
3002
3428
3994
4173
4396
4814
4821
4889
5199
5348
5646
6026
6293
6610
6752
7491
7964
8090
8123
8141
8697
9280
9682
658
436
1602
2080
2610
3340
3358
5935
833
2364
2602
5579
5844
6131
6239
7360
7668
7727
7782
8235
8755
9264
2654
2783
4269
6532
3122
6020
8169
8575
15
30
62
67
321
705
845
1336
1473
1508
1902
2078
2175
2524
2939
3021
3231
3271
3516
3615
3625
4056
4617
4634
4801
4871
5168
5324
5566
5599
5882
6720
6746
7133
7916
8062
8131
8288
9117
9548
9614
9720
391
5517
9322
7
764
1694
5764
5922
6587
883
1067
1217
2245
2609
2946
3716
5603
7193
7636
8708
9229
9427
1051
4524
7535
9125
1607
1973
5058
5857
8859
9431
9914
151
231
251
288
390
435
1013
1167
1198
1241
1792
2146
2904
3452
3476
5012
5251
5306
5896
6313
6552
6703
6982
7027
7110
7115
7362
7444
7584
7988
8333
8458
8642
8699
9063
9081
9178
9297
9341
3091
8775
1218
4410
4491
6161
6314
8216
8569
1010
1069
2174
2282
2332
7426
8591
9728
1239
1411
1438
1524
1621
2006
2065
2614
2639
2744
2747
2755
3236
3729
3748
3880
3980
4064
4166
4209
4582
4762
5164
5454
5782
6099
6114
6224
6452
6806
7016
7750
8207
8470
8659
8770
8928
8929
9105
9348
9360
9757
9934
9953
3339
3775
4765
5774
8326
8648
370
874
1054
1580
4310
5048
5516
8206
1087
1779
3523
5362
7544
8034
9605
313
317
492
697
1287
1442
1663
1772
2948
3140
3598
3738
3856
4031
4661
5173
5541
5573
5634
6347
6494
8362
8392
8632
9216
9332
9359
9373
9723
2832
8302
8731
79
421
4379
5259
5846
6432
6777
6895
7883
210
3503
3750
4251
4815
6599
7868
8590
553
1041
1820
1858
2268
2310
2464
2758
3062
3160
3217
3898
4186
4695
6882
6993
2011
8830
8903
9812
1370
2994
5562
8646
8958
51
250
1170
1775
1882
2153
2691
3152
3166
4457
5656
5776
7220
7508
7516
7991
8186
8255
8275
8501
8553
8794
9235
9857
9973
8767
9528
45
236
5474
5915
8869
580
663
1230
1597
2453
3027
3683
3846
4509
6400
6741
7149
7160
7202
7627
7647
7706
8014
8949
9012
9068
9351
261
494
832
6590
6826
7475
7548
652
1325
3456
3802
3850
4092
4111
4324
4360
5241
5830
7012
7835
8107
8187
9033
9347
9436
9565
444
6448
7708
8156
8909
9696
285
2954
3386
4146
6178
6272
7033
7323
7754
8422
8535
1625
2239
4074
6295
7297
171
1410
1535
3374
3821
4116
4781
5153
5301
6371
6737
7440
7694
8523
9192
9821
3545
7373
9444
834
953
1961
2334
2972
3913
4262
5147
5227
5254
8417
8518
9124
9336
6379
6456
6476
7013
8521
9676
455
1246
1445
3083
3176
3232
4132
4923
6007
6118
7240
8363
9038
9219
9495
486
1650
1866
3644
3946
4787
8025
2641
4510
4598
4717
6092
6129
6745
8152
9381
2401
4548
5330
7418
7565
2311
3186
3776
4673
4810
6147
7223
7831
8397
4488
4720
6380
7937
196
423
1085
4850
5132
5154
6174
7540
8074
8339
8426
8635
8751
9966
669
1852
2122
3131
4196
5295
5508
5879
6210
9025
9220
9439
726
1286
4687
5602
8029
1077
1362
3532
5561
5619
6597
7191
7300
7345
7519
7715
8106
8209
8462
9640
822
1482
2033
5311
5367
8305
8645
9522
1116
1688
3865
6366
9037
848
3570
3727
5175
6186
6561
7559
8194
9261
1538
2261
6135
8472
2514
4393
5261
7156
8670
9277
9492
9594
94
2179
4171
5750
7318
7472
9126
238
1672
6034
6304
9369
249
2642
3139
6972
7098
869
1417
5065
6296
2557
3396
9625
465
1381
2260
3882
4030
7796
7809
9320
9820
1471
3121
3902
4305
8127
2101
4568
5624
6392
7504
8479
1196
8727
765
2515
4061
6986
9919
1464
1822
2177
5521
6113
6603
7204
7271
7778
4596
6754
9122
9420
1358
2125
2833
2860
1268
3076
258
1213
8000
